{"E:\\my projects\\react\\full-electronic-store\\electronic-store-backend\\controllers\\analyticsController.js": {"path":"E:\\my projects\\react\\full-electronic-store\\electronic-store-backend\\controllers\\analyticsController.js","statementMap":{"0":{"start":{"line":9,"column":28},"end":{"line":87,"column":2}},"1":{"start":{"line":10,"column":14},"end":{"line":10,"column":24}},"2":{"start":{"line":11,"column":24},"end":{"line":11,"column":74}},"3":{"start":{"line":12,"column":23},"end":{"line":12,"column":72}},"4":{"start":{"line":15,"column":23},"end":{"line":25,"column":4}},"5":{"start":{"line":28,"column":22},"end":{"line":31,"column":52}},"6":{"start":{"line":34,"column":28},"end":{"line":45,"column":4}},"7":{"start":{"line":48,"column":24},"end":{"line":55,"column":4}},"8":{"start":{"line":58,"column":22},"end":{"line":58,"column":50}},"9":{"start":{"line":59,"column":23},"end":{"line":61,"column":4}},"10":{"start":{"line":62,"column":21},"end":{"line":62,"column":48}},"11":{"start":{"line":63,"column":28},"end":{"line":63,"column":89}},"12":{"start":{"line":64,"column":24},"end":{"line":64,"column":105}},"13":{"start":{"line":67,"column":23},"end":{"line":67,"column":88}},"14":{"start":{"line":68,"column":23},"end":{"line":68,"column":81}},"15":{"start":{"line":69,"column":25},"end":{"line":69,"column":109}},"16":{"start":{"line":70,"column":22},"end":{"line":70,"column":114}},"17":{"start":{"line":72,"column":2},"end":{"line":86,"column":5}}},"fnMap":{"0":{"name":"(anonymous_0)","decl":{"start":{"line":9,"column":41},"end":{"line":9,"column":42}},"loc":{"start":{"line":9,"column":61},"end":{"line":87,"column":1}},"line":9}},"branchMap":{"0":{"loc":{"start":{"line":70,"column":22},"end":{"line":70,"column":114}},"type":"cond-expr","locations":[{"start":{"line":70,"column":43},"end":{"line":70,"column":110}},{"start":{"line":70,"column":113},"end":{"line":70,"column":114}}],"line":70},"1":{"loc":{"start":{"line":79,"column":20},"end":{"line":79,"column":47}},"type":"binary-expr","locations":[{"start":{"line":79,"column":20},"end":{"line":79,"column":42}},{"start":{"line":79,"column":46},"end":{"line":79,"column":47}}],"line":79}},"s":{"0":0,"1":0,"2":0,"3":0,"4":0,"5":0,"6":0,"7":0,"8":0,"9":0,"10":0,"11":0,"12":0,"13":0,"14":0,"15":0,"16":0,"17":0},"f":{"0":0},"b":{"0":[0,0],"1":[0,0]},"inputSourceMap":null}
,"E:\\my projects\\react\\full-electronic-store\\electronic-store-backend\\controllers\\authController.js": {"path":"E:\\my projects\\react\\full-electronic-store\\electronic-store-backend\\controllers\\authController.js","statementMap":{"0":{"start":{"line":10,"column":29},"end":{"line":10,"column":38}},"1":{"start":{"line":13,"column":28},"end":{"line":64,"column":2}},"2":{"start":{"line":14,"column":73},"end":{"line":14,"column":81}},"3":{"start":{"line":17,"column":17},"end":{"line":17,"column":46}},"4":{"start":{"line":18,"column":2},"end":{"line":18,"column":79}},"5":{"start":{"line":18,"column":16},"end":{"line":18,"column":32}},"6":{"start":{"line":18,"column":33},"end":{"line":18,"column":77}},"7":{"start":{"line":21,"column":20},"end":{"line":21,"column":74}},"8":{"start":{"line":22,"column":20},"end":{"line":22,"column":73}},"9":{"start":{"line":23,"column":20},"end":{"line":23,"column":47}},"10":{"start":{"line":26,"column":23},"end":{"line":26,"column":47}},"11":{"start":{"line":27,"column":23},"end":{"line":27,"column":55}},"12":{"start":{"line":28,"column":23},"end":{"line":28,"column":64}},"13":{"start":{"line":31,"column":2},"end":{"line":44,"column":5}},"14":{"start":{"line":47,"column":2},"end":{"line":58,"column":3}},"15":{"start":{"line":48,"column":4},"end":{"line":52,"column":7}},"16":{"start":{"line":54,"column":4},"end":{"line":54,"column":39}},"17":{"start":{"line":55,"column":4},"end":{"line":55,"column":52}},"18":{"start":{"line":56,"column":4},"end":{"line":56,"column":20}},"19":{"start":{"line":57,"column":4},"end":{"line":57,"column":76}},"20":{"start":{"line":60,"column":2},"end":{"line":63,"column":5}},"21":{"start":{"line":67,"column":38},"end":{"line":136,"column":2}},"22":{"start":{"line":68,"column":25},"end":{"line":68,"column":33}},"23":{"start":{"line":70,"column":18},"end":{"line":70,"column":49}},"24":{"start":{"line":73,"column":2},"end":{"line":76,"column":3}},"25":{"start":{"line":74,"column":4},"end":{"line":74,"column":20}},"26":{"start":{"line":75,"column":4},"end":{"line":75,"column":77}},"27":{"start":{"line":79,"column":2},"end":{"line":83,"column":3}},"28":{"start":{"line":80,"column":4},"end":{"line":80,"column":39}},"29":{"start":{"line":81,"column":4},"end":{"line":81,"column":20}},"30":{"start":{"line":82,"column":4},"end":{"line":82,"column":63}},"31":{"start":{"line":86,"column":22},"end":{"line":86,"column":75}},"32":{"start":{"line":87,"column":2},"end":{"line":90,"column":3}},"33":{"start":{"line":88,"column":4},"end":{"line":88,"column":20}},"34":{"start":{"line":89,"column":4},"end":{"line":89,"column":54}},"35":{"start":{"line":93,"column":24},"end":{"line":93,"column":53}},"36":{"start":{"line":94,"column":2},"end":{"line":98,"column":3}},"37":{"start":{"line":95,"column":4},"end":{"line":95,"column":39}},"38":{"start":{"line":96,"column":4},"end":{"line":96,"column":20}},"39":{"start":{"line":97,"column":4},"end":{"line":97,"column":63}},"40":{"start":{"line":101,"column":15},"end":{"line":108,"column":4}},"41":{"start":{"line":111,"column":2},"end":{"line":111,"column":37}},"42":{"start":{"line":114,"column":2},"end":{"line":122,"column":3}},"43":{"start":{"line":115,"column":4},"end":{"line":119,"column":7}},"44":{"start":{"line":121,"column":4},"end":{"line":121,"column":56}},"45":{"start":{"line":124,"column":2},"end":{"line":135,"column":5}},"46":{"start":{"line":139,"column":37},"end":{"line":169,"column":2}},"47":{"start":{"line":140,"column":20},"end":{"line":140,"column":28}},"48":{"start":{"line":142,"column":18},"end":{"line":142,"column":49}},"49":{"start":{"line":143,"column":2},"end":{"line":146,"column":3}},"50":{"start":{"line":144,"column":4},"end":{"line":144,"column":20}},"51":{"start":{"line":145,"column":4},"end":{"line":145,"column":71}},"52":{"start":{"line":149,"column":20},"end":{"line":149,"column":74}},"53":{"start":{"line":150,"column":20},"end":{"line":150,"column":73}},"54":{"start":{"line":151,"column":20},"end":{"line":151,"column":47}},"55":{"start":{"line":154,"column":2},"end":{"line":154,"column":72}},"56":{"start":{"line":156,"column":2},"end":{"line":166,"column":3}},"57":{"start":{"line":157,"column":4},"end":{"line":161,"column":7}},"58":{"start":{"line":163,"column":4},"end":{"line":163,"column":59}},"59":{"start":{"line":164,"column":4},"end":{"line":164,"column":20}},"60":{"start":{"line":165,"column":4},"end":{"line":165,"column":67}},"61":{"start":{"line":168,"column":2},"end":{"line":168,"column":55}},"62":{"start":{"line":172,"column":25},"end":{"line":194,"column":2}},"63":{"start":{"line":173,"column":30},"end":{"line":173,"column":38}},"64":{"start":{"line":174,"column":15},"end":{"line":176,"column":117}},"65":{"start":{"line":178,"column":2},"end":{"line":181,"column":3}},"66":{"start":{"line":179,"column":4},"end":{"line":179,"column":20}},"67":{"start":{"line":180,"column":4},"end":{"line":180,"column":49}},"68":{"start":{"line":183,"column":2},"end":{"line":193,"column":5}},"69":{"start":{"line":197,"column":30},"end":{"line":211,"column":2}},"70":{"start":{"line":198,"column":15},"end":{"line":198,"column":60}},"71":{"start":{"line":199,"column":2},"end":{"line":199,"column":80}},"72":{"start":{"line":199,"column":15},"end":{"line":199,"column":31}},"73":{"start":{"line":199,"column":32},"end":{"line":199,"column":78}},"74":{"start":{"line":201,"column":14},"end":{"line":201,"column":37}},"75":{"start":{"line":202,"column":2},"end":{"line":202,"column":49}},"76":{"start":{"line":204,"column":2},"end":{"line":208,"column":5}},"77":{"start":{"line":210,"column":2},"end":{"line":210,"column":65}},"78":{"start":{"line":214,"column":29},"end":{"line":231,"column":2}},"79":{"start":{"line":215,"column":28},"end":{"line":215,"column":36}},"80":{"start":{"line":216,"column":17},"end":{"line":216,"column":35}},"81":{"start":{"line":217,"column":17},"end":{"line":217,"column":73}},"82":{"start":{"line":219,"column":15},"end":{"line":222,"column":4}},"83":{"start":{"line":223,"column":2},"end":{"line":223,"column":76}},"84":{"start":{"line":223,"column":15},"end":{"line":223,"column":31}},"85":{"start":{"line":223,"column":32},"end":{"line":223,"column":74}},"86":{"start":{"line":225,"column":2},"end":{"line":225,"column":38}},"87":{"start":{"line":226,"column":2},"end":{"line":226,"column":39}},"88":{"start":{"line":227,"column":2},"end":{"line":227,"column":39}},"89":{"start":{"line":228,"column":2},"end":{"line":228,"column":49}},"90":{"start":{"line":230,"column":2},"end":{"line":230,"column":74}},"91":{"start":{"line":234,"column":30},"end":{"line":242,"column":2}},"92":{"start":{"line":235,"column":15},"end":{"line":238,"column":117}},"93":{"start":{"line":240,"column":2},"end":{"line":240,"column":68}},"94":{"start":{"line":240,"column":15},"end":{"line":240,"column":31}},"95":{"start":{"line":240,"column":32},"end":{"line":240,"column":66}},"96":{"start":{"line":241,"column":2},"end":{"line":241,"column":17}},"97":{"start":{"line":245,"column":33},"end":{"line":278,"column":2}},"98":{"start":{"line":246,"column":15},"end":{"line":246,"column":48}},"99":{"start":{"line":247,"column":2},"end":{"line":247,"column":68}},"100":{"start":{"line":247,"column":15},"end":{"line":247,"column":31}},"101":{"start":{"line":247,"column":32},"end":{"line":247,"column":66}},"102":{"start":{"line":249,"column":2},"end":{"line":249,"column":47}},"103":{"start":{"line":250,"column":2},"end":{"line":250,"column":48}},"104":{"start":{"line":251,"column":2},"end":{"line":257,"column":3}},"105":{"start":{"line":252,"column":4},"end":{"line":256,"column":5}},"106":{"start":{"line":253,"column":6},"end":{"line":253,"column":67}},"107":{"start":{"line":255,"column":6},"end":{"line":255,"column":38}},"108":{"start":{"line":258,"column":2},"end":{"line":258,"column":48}},"109":{"start":{"line":259,"column":2},"end":{"line":259,"column":59}},"110":{"start":{"line":259,"column":25},"end":{"line":259,"column":59}},"111":{"start":{"line":261,"column":2},"end":{"line":261,"column":20}},"112":{"start":{"line":263,"column":18},"end":{"line":265,"column":117}},"113":{"start":{"line":267,"column":2},"end":{"line":277,"column":5}},"114":{"start":{"line":281,"column":26},"end":{"line":292,"column":2}},"115":{"start":{"line":282,"column":15},"end":{"line":282,"column":48}},"116":{"start":{"line":283,"column":2},"end":{"line":283,"column":68}},"117":{"start":{"line":283,"column":15},"end":{"line":283,"column":31}},"118":{"start":{"line":283,"column":32},"end":{"line":283,"column":66}},"119":{"start":{"line":285,"column":2},"end":{"line":285,"column":28}},"120":{"start":{"line":286,"column":2},"end":{"line":286,"column":20}},"121":{"start":{"line":288,"column":22},"end":{"line":289,"column":56}},"122":{"start":{"line":291,"column":2},"end":{"line":291,"column":29}},"123":{"start":{"line":295,"column":30},"end":{"line":306,"column":2}},"124":{"start":{"line":296,"column":15},"end":{"line":296,"column":48}},"125":{"start":{"line":297,"column":2},"end":{"line":297,"column":68}},"126":{"start":{"line":297,"column":15},"end":{"line":297,"column":31}},"127":{"start":{"line":297,"column":32},"end":{"line":297,"column":66}},"128":{"start":{"line":299,"column":2},"end":{"line":299,"column":36}},"129":{"start":{"line":300,"column":2},"end":{"line":300,"column":20}},"130":{"start":{"line":302,"column":22},"end":{"line":303,"column":117}},"131":{"start":{"line":305,"column":2},"end":{"line":305,"column":33}}},"fnMap":{"0":{"name":"(anonymous_0)","decl":{"start":{"line":13,"column":41},"end":{"line":13,"column":42}},"loc":{"start":{"line":13,"column":61},"end":{"line":64,"column":1}},"line":13},"1":{"name":"(anonymous_1)","decl":{"start":{"line":67,"column":51},"end":{"line":67,"column":52}},"loc":{"start":{"line":67,"column":71},"end":{"line":136,"column":1}},"line":67},"2":{"name":"(anonymous_2)","decl":{"start":{"line":139,"column":50},"end":{"line":139,"column":51}},"loc":{"start":{"line":139,"column":70},"end":{"line":169,"column":1}},"line":139},"3":{"name":"(anonymous_3)","decl":{"start":{"line":172,"column":38},"end":{"line":172,"column":39}},"loc":{"start":{"line":172,"column":58},"end":{"line":194,"column":1}},"line":172},"4":{"name":"(anonymous_4)","decl":{"start":{"line":197,"column":43},"end":{"line":197,"column":44}},"loc":{"start":{"line":197,"column":63},"end":{"line":211,"column":1}},"line":197},"5":{"name":"(anonymous_5)","decl":{"start":{"line":214,"column":42},"end":{"line":214,"column":43}},"loc":{"start":{"line":214,"column":62},"end":{"line":231,"column":1}},"line":214},"6":{"name":"(anonymous_6)","decl":{"start":{"line":234,"column":43},"end":{"line":234,"column":44}},"loc":{"start":{"line":234,"column":63},"end":{"line":242,"column":1}},"line":234},"7":{"name":"(anonymous_7)","decl":{"start":{"line":245,"column":46},"end":{"line":245,"column":47}},"loc":{"start":{"line":245,"column":66},"end":{"line":278,"column":1}},"line":245},"8":{"name":"(anonymous_8)","decl":{"start":{"line":281,"column":39},"end":{"line":281,"column":40}},"loc":{"start":{"line":281,"column":59},"end":{"line":292,"column":1}},"line":281},"9":{"name":"(anonymous_9)","decl":{"start":{"line":295,"column":43},"end":{"line":295,"column":44}},"loc":{"start":{"line":295,"column":63},"end":{"line":306,"column":1}},"line":295}},"branchMap":{"0":{"loc":{"start":{"line":18,"column":2},"end":{"line":18,"column":79}},"type":"if","locations":[{"start":{"line":18,"column":2},"end":{"line":18,"column":79}},{"start":{},"end":{}}],"line":18},"1":{"loc":{"start":{"line":35,"column":11},"end":{"line":35,"column":22}},"type":"binary-expr","locations":[{"start":{"line":35,"column":11},"end":{"line":35,"column":16}},{"start":{"line":35,"column":20},"end":{"line":35,"column":22}}],"line":35},"2":{"loc":{"start":{"line":37,"column":14},"end":{"line":37,"column":26}},"type":"binary-expr","locations":[{"start":{"line":37,"column":14},"end":{"line":37,"column":20}},{"start":{"line":37,"column":24},"end":{"line":37,"column":26}}],"line":37},"3":{"loc":{"start":{"line":38,"column":12},"end":{"line":38,"column":22}},"type":"binary-expr","locations":[{"start":{"line":38,"column":12},"end":{"line":38,"column":16}},{"start":{"line":38,"column":20},"end":{"line":38,"column":22}}],"line":38},"4":{"loc":{"start":{"line":39,"column":13},"end":{"line":39,"column":24}},"type":"binary-expr","locations":[{"start":{"line":39,"column":13},"end":{"line":39,"column":18}},{"start":{"line":39,"column":22},"end":{"line":39,"column":24}}],"line":39},"5":{"loc":{"start":{"line":40,"column":15},"end":{"line":40,"column":28}},"type":"binary-expr","locations":[{"start":{"line":40,"column":15},"end":{"line":40,"column":22}},{"start":{"line":40,"column":26},"end":{"line":40,"column":28}}],"line":40},"6":{"loc":{"start":{"line":73,"column":2},"end":{"line":76,"column":3}},"type":"if","locations":[{"start":{"line":73,"column":2},"end":{"line":76,"column":3}},{"start":{},"end":{}}],"line":73},"7":{"loc":{"start":{"line":79,"column":2},"end":{"line":83,"column":3}},"type":"if","locations":[{"start":{"line":79,"column":2},"end":{"line":83,"column":3}},{"start":{},"end":{}}],"line":79},"8":{"loc":{"start":{"line":87,"column":2},"end":{"line":90,"column":3}},"type":"if","locations":[{"start":{"line":87,"column":2},"end":{"line":90,"column":3}},{"start":{},"end":{}}],"line":87},"9":{"loc":{"start":{"line":94,"column":2},"end":{"line":98,"column":3}},"type":"if","locations":[{"start":{"line":94,"column":2},"end":{"line":98,"column":3}},{"start":{},"end":{}}],"line":94},"10":{"loc":{"start":{"line":130,"column":21},"end":{"line":130,"column":36}},"type":"binary-expr","locations":[{"start":{"line":130,"column":21},"end":{"line":130,"column":30}},{"start":{"line":130,"column":34},"end":{"line":130,"column":36}}],"line":130},"11":{"loc":{"start":{"line":131,"column":21},"end":{"line":131,"column":40}},"type":"binary-expr","locations":[{"start":{"line":131,"column":21},"end":{"line":131,"column":34}},{"start":{"line":131,"column":38},"end":{"line":131,"column":40}}],"line":131},"12":{"loc":{"start":{"line":132,"column":21},"end":{"line":132,"column":41}},"type":"binary-expr","locations":[{"start":{"line":132,"column":21},"end":{"line":132,"column":31}},{"start":{"line":132,"column":35},"end":{"line":132,"column":41}}],"line":132},"13":{"loc":{"start":{"line":143,"column":2},"end":{"line":146,"column":3}},"type":"if","locations":[{"start":{"line":143,"column":2},"end":{"line":146,"column":3}},{"start":{},"end":{}}],"line":143},"14":{"loc":{"start":{"line":178,"column":2},"end":{"line":181,"column":3}},"type":"if","locations":[{"start":{"line":178,"column":2},"end":{"line":181,"column":3}},{"start":{},"end":{}}],"line":178},"15":{"loc":{"start":{"line":178,"column":6},"end":{"line":178,"column":52}},"type":"binary-expr","locations":[{"start":{"line":178,"column":6},"end":{"line":178,"column":11}},{"start":{"line":178,"column":15},"end":{"line":178,"column":52}}],"line":178},"16":{"loc":{"start":{"line":189,"column":21},"end":{"line":189,"column":36}},"type":"binary-expr","locations":[{"start":{"line":189,"column":21},"end":{"line":189,"column":30}},{"start":{"line":189,"column":34},"end":{"line":189,"column":36}}],"line":189},"17":{"loc":{"start":{"line":190,"column":21},"end":{"line":190,"column":40}},"type":"binary-expr","locations":[{"start":{"line":190,"column":21},"end":{"line":190,"column":34}},{"start":{"line":190,"column":38},"end":{"line":190,"column":40}}],"line":190},"18":{"loc":{"start":{"line":191,"column":21},"end":{"line":191,"column":41}},"type":"binary-expr","locations":[{"start":{"line":191,"column":21},"end":{"line":191,"column":31}},{"start":{"line":191,"column":35},"end":{"line":191,"column":41}}],"line":191},"19":{"loc":{"start":{"line":199,"column":2},"end":{"line":199,"column":80}},"type":"if","locations":[{"start":{"line":199,"column":2},"end":{"line":199,"column":80}},{"start":{},"end":{}}],"line":199},"20":{"loc":{"start":{"line":223,"column":2},"end":{"line":223,"column":76}},"type":"if","locations":[{"start":{"line":223,"column":2},"end":{"line":223,"column":76}},{"start":{},"end":{}}],"line":223},"21":{"loc":{"start":{"line":240,"column":2},"end":{"line":240,"column":68}},"type":"if","locations":[{"start":{"line":240,"column":2},"end":{"line":240,"column":68}},{"start":{},"end":{}}],"line":240},"22":{"loc":{"start":{"line":247,"column":2},"end":{"line":247,"column":68}},"type":"if","locations":[{"start":{"line":247,"column":2},"end":{"line":247,"column":68}},{"start":{},"end":{}}],"line":247},"23":{"loc":{"start":{"line":249,"column":17},"end":{"line":249,"column":46}},"type":"binary-expr","locations":[{"start":{"line":249,"column":17},"end":{"line":249,"column":30}},{"start":{"line":249,"column":37},"end":{"line":249,"column":46}}],"line":249},"24":{"loc":{"start":{"line":250,"column":17},"end":{"line":250,"column":47}},"type":"binary-expr","locations":[{"start":{"line":250,"column":17},"end":{"line":250,"column":31}},{"start":{"line":250,"column":37},"end":{"line":250,"column":47}}],"line":250},"25":{"loc":{"start":{"line":251,"column":2},"end":{"line":257,"column":3}},"type":"if","locations":[{"start":{"line":251,"column":2},"end":{"line":257,"column":3}},{"start":{},"end":{}}],"line":251},"26":{"loc":{"start":{"line":252,"column":4},"end":{"line":256,"column":5}},"type":"if","locations":[{"start":{"line":252,"column":4},"end":{"line":256,"column":5}},{"start":{"line":254,"column":11},"end":{"line":256,"column":5}}],"line":252},"27":{"loc":{"start":{"line":258,"column":17},"end":{"line":258,"column":47}},"type":"binary-expr","locations":[{"start":{"line":258,"column":17},"end":{"line":258,"column":31}},{"start":{"line":258,"column":37},"end":{"line":258,"column":47}}],"line":258},"28":{"loc":{"start":{"line":259,"column":2},"end":{"line":259,"column":59}},"type":"if","locations":[{"start":{"line":259,"column":2},"end":{"line":259,"column":59}},{"start":{},"end":{}}],"line":259},"29":{"loc":{"start":{"line":273,"column":21},"end":{"line":273,"column":39}},"type":"binary-expr","locations":[{"start":{"line":273,"column":21},"end":{"line":273,"column":33}},{"start":{"line":273,"column":37},"end":{"line":273,"column":39}}],"line":273},"30":{"loc":{"start":{"line":274,"column":21},"end":{"line":274,"column":43}},"type":"binary-expr","locations":[{"start":{"line":274,"column":21},"end":{"line":274,"column":37}},{"start":{"line":274,"column":41},"end":{"line":274,"column":43}}],"line":274},"31":{"loc":{"start":{"line":275,"column":21},"end":{"line":275,"column":44}},"type":"binary-expr","locations":[{"start":{"line":275,"column":21},"end":{"line":275,"column":34}},{"start":{"line":275,"column":38},"end":{"line":275,"column":44}}],"line":275},"32":{"loc":{"start":{"line":283,"column":2},"end":{"line":283,"column":68}},"type":"if","locations":[{"start":{"line":283,"column":2},"end":{"line":283,"column":68}},{"start":{},"end":{}}],"line":283},"33":{"loc":{"start":{"line":297,"column":2},"end":{"line":297,"column":68}},"type":"if","locations":[{"start":{"line":297,"column":2},"end":{"line":297,"column":68}},{"start":{},"end":{}}],"line":297}},"s":{"0":0,"1":0,"2":0,"3":0,"4":0,"5":0,"6":0,"7":0,"8":0,"9":0,"10":0,"11":0,"12":0,"13":0,"14":0,"15":0,"16":0,"17":0,"18":0,"19":0,"20":0,"21":0,"22":0,"23":0,"24":0,"25":0,"26":0,"27":0,"28":0,"29":0,"30":0,"31":0,"32":0,"33":0,"34":0,"35":0,"36":0,"37":0,"38":0,"39":0,"40":0,"41":0,"42":0,"43":0,"44":0,"45":0,"46":0,"47":0,"48":0,"49":0,"50":0,"51":0,"52":0,"53":0,"54":0,"55":0,"56":0,"57":0,"58":0,"59":0,"60":0,"61":0,"62":0,"63":0,"64":0,"65":0,"66":0,"67":0,"68":0,"69":0,"70":0,"71":0,"72":0,"73":0,"74":0,"75":0,"76":0,"77":0,"78":0,"79":0,"80":0,"81":0,"82":0,"83":0,"84":0,"85":0,"86":0,"87":0,"88":0,"89":0,"90":0,"91":0,"92":0,"93":0,"94":0,"95":0,"96":0,"97":0,"98":0,"99":0,"100":0,"101":0,"102":0,"103":0,"104":0,"105":0,"106":0,"107":0,"108":0,"109":0,"110":0,"111":0,"112":0,"113":0,"114":0,"115":0,"116":0,"117":0,"118":0,"119":0,"120":0,"121":0,"122":0,"123":0,"124":0,"125":0,"126":0,"127":0,"128":0,"129":0,"130":0,"131":0},"f":{"0":0,"1":0,"2":0,"3":0,"4":0,"5":0,"6":0,"7":0,"8":0,"9":0},"b":{"0":[0,0],"1":[0,0],"2":[0,0],"3":[0,0],"4":[0,0],"5":[0,0],"6":[0,0],"7":[0,0],"8":[0,0],"9":[0,0],"10":[0,0],"11":[0,0],"12":[0,0],"13":[0,0],"14":[0,0],"15":[0,0],"16":[0,0],"17":[0,0],"18":[0,0],"19":[0,0],"20":[0,0],"21":[0,0],"22":[0,0],"23":[0,0],"24":[0,0],"25":[0,0],"26":[0,0],"27":[0,0],"28":[0,0],"29":[0,0],"30":[0,0],"31":[0,0],"32":[0,0],"33":[0,0]},"inputSourceMap":null}
,"E:\\my projects\\react\\full-electronic-store\\electronic-store-backend\\controllers\\authDirectController.js": {"path":"E:\\my projects\\react\\full-electronic-store\\electronic-store-backend\\controllers\\authDirectController.js","statementMap":{"0":{"start":{"line":6,"column":30},"end":{"line":39,"column":2}},"1":{"start":{"line":7,"column":42},"end":{"line":7,"column":50}},"2":{"start":{"line":9,"column":2},"end":{"line":12,"column":3}},"3":{"start":{"line":10,"column":4},"end":{"line":10,"column":20}},"4":{"start":{"line":11,"column":4},"end":{"line":11,"column":64}},"5":{"start":{"line":14,"column":17},"end":{"line":14,"column":46}},"6":{"start":{"line":15,"column":2},"end":{"line":18,"column":3}},"7":{"start":{"line":16,"column":4},"end":{"line":16,"column":20}},"8":{"start":{"line":17,"column":4},"end":{"line":17,"column":48}},"9":{"start":{"line":20,"column":15},"end":{"line":26,"column":4}},"10":{"start":{"line":28,"column":2},"end":{"line":38,"column":5}}},"fnMap":{"0":{"name":"(anonymous_0)","decl":{"start":{"line":6,"column":43},"end":{"line":6,"column":44}},"loc":{"start":{"line":6,"column":63},"end":{"line":39,"column":1}},"line":6}},"branchMap":{"0":{"loc":{"start":{"line":9,"column":2},"end":{"line":12,"column":3}},"type":"if","locations":[{"start":{"line":9,"column":2},"end":{"line":12,"column":3}},{"start":{},"end":{}}],"line":9},"1":{"loc":{"start":{"line":9,"column":6},"end":{"line":9,"column":34}},"type":"binary-expr","locations":[{"start":{"line":9,"column":6},"end":{"line":9,"column":11}},{"start":{"line":9,"column":15},"end":{"line":9,"column":21}},{"start":{"line":9,"column":25},"end":{"line":9,"column":34}}],"line":9},"2":{"loc":{"start":{"line":15,"column":2},"end":{"line":18,"column":3}},"type":"if","locations":[{"start":{"line":15,"column":2},"end":{"line":18,"column":3}},{"start":{},"end":{}}],"line":15},"3":{"loc":{"start":{"line":24,"column":10},"end":{"line":24,"column":47}},"type":"cond-expr","locations":[{"start":{"line":24,"column":30},"end":{"line":24,"column":38}},{"start":{"line":24,"column":41},"end":{"line":24,"column":47}}],"line":24}},"s":{"0":0,"1":0,"2":0,"3":0,"4":0,"5":0,"6":0,"7":0,"8":0,"9":0,"10":0},"f":{"0":0},"b":{"0":[0,0],"1":[0,0,0],"2":[0,0],"3":[0,0]},"inputSourceMap":null}
,"E:\\my projects\\react\\full-electronic-store\\electronic-store-backend\\controllers\\categoryController.js": {"path":"E:\\my projects\\react\\full-electronic-store\\electronic-store-backend\\controllers\\categoryController.js","statementMap":{"0":{"start":{"line":13,"column":29},"end":{"line":19,"column":2}},"1":{"start":{"line":15,"column":21},"end":{"line":15,"column":62}},"2":{"start":{"line":17,"column":2},"end":{"line":17,"column":23}},"3":{"start":{"line":29,"column":30},"end":{"line":61,"column":2}},"4":{"start":{"line":31,"column":19},"end":{"line":31,"column":27}},"5":{"start":{"line":35,"column":2},"end":{"line":41,"column":3}},"6":{"start":{"line":37,"column":4},"end":{"line":37,"column":20}},"7":{"start":{"line":39,"column":4},"end":{"line":39,"column":49}},"8":{"start":{"line":45,"column":27},"end":{"line":45,"column":59}},"9":{"start":{"line":47,"column":2},"end":{"line":53,"column":3}},"10":{"start":{"line":49,"column":4},"end":{"line":49,"column":20}},"11":{"start":{"line":51,"column":4},"end":{"line":51,"column":47}},"12":{"start":{"line":57,"column":19},"end":{"line":57,"column":50}},"13":{"start":{"line":59,"column":2},"end":{"line":59,"column":33}},"14":{"start":{"line":71,"column":30},"end":{"line":91,"column":2}},"15":{"start":{"line":73,"column":19},"end":{"line":73,"column":57}},"16":{"start":{"line":77,"column":2},"end":{"line":83,"column":3}},"17":{"start":{"line":79,"column":4},"end":{"line":79,"column":20}},"18":{"start":{"line":81,"column":4},"end":{"line":81,"column":42}},"19":{"start":{"line":87,"column":2},"end":{"line":87,"column":29}},"20":{"start":{"line":89,"column":2},"end":{"line":89,"column":44}}},"fnMap":{"0":{"name":"(anonymous_0)","decl":{"start":{"line":13,"column":42},"end":{"line":13,"column":43}},"loc":{"start":{"line":13,"column":62},"end":{"line":19,"column":1}},"line":13},"1":{"name":"(anonymous_1)","decl":{"start":{"line":29,"column":43},"end":{"line":29,"column":44}},"loc":{"start":{"line":29,"column":63},"end":{"line":61,"column":1}},"line":29},"2":{"name":"(anonymous_2)","decl":{"start":{"line":71,"column":43},"end":{"line":71,"column":44}},"loc":{"start":{"line":71,"column":63},"end":{"line":91,"column":1}},"line":71}},"branchMap":{"0":{"loc":{"start":{"line":35,"column":2},"end":{"line":41,"column":3}},"type":"if","locations":[{"start":{"line":35,"column":2},"end":{"line":41,"column":3}},{"start":{},"end":{}}],"line":35},"1":{"loc":{"start":{"line":47,"column":2},"end":{"line":53,"column":3}},"type":"if","locations":[{"start":{"line":47,"column":2},"end":{"line":53,"column":3}},{"start":{},"end":{}}],"line":47},"2":{"loc":{"start":{"line":77,"column":2},"end":{"line":83,"column":3}},"type":"if","locations":[{"start":{"line":77,"column":2},"end":{"line":83,"column":3}},{"start":{},"end":{}}],"line":77}},"s":{"0":0,"1":0,"2":0,"3":0,"4":0,"5":0,"6":0,"7":0,"8":0,"9":0,"10":0,"11":0,"12":0,"13":0,"14":0,"15":0,"16":0,"17":0,"18":0,"19":0,"20":0},"f":{"0":0,"1":0,"2":0},"b":{"0":[0,0],"1":[0,0],"2":[0,0]},"inputSourceMap":null}
,"E:\\my projects\\react\\full-electronic-store\\electronic-store-backend\\controllers\\chatController.js": {"path":"E:\\my projects\\react\\full-electronic-store\\electronic-store-backend\\controllers\\chatController.js","statementMap":{"0":{"start":{"line":8,"column":36},"end":{"line":76,"column":2}},"1":{"start":{"line":9,"column":23},"end":{"line":9,"column":31}},"2":{"start":{"line":11,"column":2},"end":{"line":14,"column":3}},"3":{"start":{"line":12,"column":4},"end":{"line":12,"column":20}},"4":{"start":{"line":13,"column":4},"end":{"line":13,"column":50}},"5":{"start":{"line":17,"column":2},"end":{"line":20,"column":3}},"6":{"start":{"line":18,"column":4},"end":{"line":18,"column":20}},"7":{"start":{"line":19,"column":4},"end":{"line":19,"column":103}},"8":{"start":{"line":23,"column":19},"end":{"line":23,"column":77}},"9":{"start":{"line":26,"column":25},"end":{"line":28,"column":14}},"10":{"start":{"line":27,"column":4},"end":{"line":27,"column":126}},"11":{"start":{"line":31,"column":28},"end":{"line":45,"column":30}},"12":{"start":{"line":47,"column":2},"end":{"line":75,"column":3}},"13":{"start":{"line":48,"column":15},"end":{"line":48,"column":70}},"14":{"start":{"line":54,"column":30},"end":{"line":57,"column":7}},"15":{"start":{"line":54,"column":51},"end":{"line":57,"column":5}},"16":{"start":{"line":59,"column":21},"end":{"line":66,"column":6}},"17":{"start":{"line":68,"column":4},"end":{"line":70,"column":7}},"18":{"start":{"line":72,"column":4},"end":{"line":72,"column":45}},"19":{"start":{"line":73,"column":4},"end":{"line":73,"column":20}},"20":{"start":{"line":74,"column":4},"end":{"line":74,"column":89}}},"fnMap":{"0":{"name":"(anonymous_0)","decl":{"start":{"line":8,"column":49},"end":{"line":8,"column":50}},"loc":{"start":{"line":8,"column":69},"end":{"line":76,"column":1}},"line":8},"1":{"name":"(anonymous_1)","decl":{"start":{"line":26,"column":38},"end":{"line":26,"column":39}},"loc":{"start":{"line":27,"column":4},"end":{"line":27,"column":126}},"line":27},"2":{"name":"(anonymous_2)","decl":{"start":{"line":54,"column":43},"end":{"line":54,"column":44}},"loc":{"start":{"line":54,"column":51},"end":{"line":57,"column":5}},"line":54}},"branchMap":{"0":{"loc":{"start":{"line":11,"column":2},"end":{"line":14,"column":3}},"type":"if","locations":[{"start":{"line":11,"column":2},"end":{"line":14,"column":3}},{"start":{},"end":{}}],"line":11},"1":{"loc":{"start":{"line":11,"column":6},"end":{"line":11,"column":43}},"type":"binary-expr","locations":[{"start":{"line":11,"column":6},"end":{"line":11,"column":15}},{"start":{"line":11,"column":19},"end":{"line":11,"column":43}}],"line":11},"2":{"loc":{"start":{"line":17,"column":2},"end":{"line":20,"column":3}},"type":"if","locations":[{"start":{"line":17,"column":2},"end":{"line":20,"column":3}},{"start":{},"end":{}}],"line":17},"3":{"loc":{"start":{"line":27,"column":68},"end":{"line":27,"column":109}},"type":"cond-expr","locations":[{"start":{"line":27,"column":82},"end":{"line":27,"column":92}},{"start":{"line":27,"column":95},"end":{"line":27,"column":109}}],"line":27},"4":{"loc":{"start":{"line":55,"column":12},"end":{"line":55,"column":49}},"type":"cond-expr","locations":[{"start":{"line":55,"column":33},"end":{"line":55,"column":40}},{"start":{"line":55,"column":43},"end":{"line":55,"column":49}}],"line":55}},"s":{"0":1,"1":5,"2":5,"3":2,"4":2,"5":3,"6":1,"7":1,"8":2,"9":2,"10":1,"11":2,"12":2,"13":2,"14":2,"15":2,"16":2,"17":1,"18":1,"19":1,"20":1},"f":{"0":5,"1":1,"2":2},"b":{"0":[2,3],"1":[5,4],"2":[1,2],"3":[1,0],"4":[0,2]},"inputSourceMap":null,"_coverageSchema":"1a1c01bbd47fc00a2c39e90264f33305004495a9","hash":"783c9ee731efb9552ad8884de5707612197864f7"}
,"E:\\my projects\\react\\full-electronic-store\\electronic-store-backend\\controllers\\couponController.js": {"path":"E:\\my projects\\react\\full-electronic-store\\electronic-store-backend\\controllers\\couponController.js","statementMap":{"0":{"start":{"line":7,"column":30},"end":{"line":29,"column":2}},"1":{"start":{"line":8,"column":31},"end":{"line":8,"column":39}},"2":{"start":{"line":10,"column":2},"end":{"line":10,"column":77}},"3":{"start":{"line":10,"column":15},"end":{"line":10,"column":31}},"4":{"start":{"line":10,"column":32},"end":{"line":10,"column":75}},"5":{"start":{"line":12,"column":17},"end":{"line":12,"column":67}},"6":{"start":{"line":13,"column":2},"end":{"line":13,"column":75}},"7":{"start":{"line":13,"column":17},"end":{"line":13,"column":33}},"8":{"start":{"line":13,"column":34},"end":{"line":13,"column":73}},"9":{"start":{"line":15,"column":21},"end":{"line":15,"column":52}},"10":{"start":{"line":16,"column":2},"end":{"line":16,"column":82}},"11":{"start":{"line":16,"column":27},"end":{"line":16,"column":43}},"12":{"start":{"line":16,"column":44},"end":{"line":16,"column":80}},"13":{"start":{"line":18,"column":19},"end":{"line":18,"column":60}},"14":{"start":{"line":20,"column":2},"end":{"line":28,"column":5}},"15":{"start":{"line":34,"column":29},"end":{"line":37,"column":2}},"16":{"start":{"line":35,"column":18},"end":{"line":35,"column":61}},"17":{"start":{"line":36,"column":2},"end":{"line":36,"column":20}},"18":{"start":{"line":42,"column":28},"end":{"line":65,"column":2}},"19":{"start":{"line":43,"column":107},"end":{"line":43,"column":115}},"20":{"start":{"line":45,"column":2},"end":{"line":48,"column":3}},"21":{"start":{"line":46,"column":4},"end":{"line":46,"column":20}},"22":{"start":{"line":47,"column":4},"end":{"line":47,"column":89}},"23":{"start":{"line":50,"column":19},"end":{"line":50,"column":69}},"24":{"start":{"line":51,"column":2},"end":{"line":51,"column":83}},"25":{"start":{"line":51,"column":18},"end":{"line":51,"column":34}},"26":{"start":{"line":51,"column":35},"end":{"line":51,"column":81}},"27":{"start":{"line":53,"column":17},"end":{"line":62,"column":4}},"28":{"start":{"line":64,"column":2},"end":{"line":64,"column":31}},"29":{"start":{"line":70,"column":28},"end":{"line":75,"column":2}},"30":{"start":{"line":71,"column":17},"end":{"line":71,"column":53}},"31":{"start":{"line":72,"column":2},"end":{"line":72,"column":72}},"32":{"start":{"line":72,"column":17},"end":{"line":72,"column":33}},"33":{"start":{"line":72,"column":34},"end":{"line":72,"column":70}},"34":{"start":{"line":73,"column":2},"end":{"line":73,"column":27}},"35":{"start":{"line":74,"column":2},"end":{"line":74,"column":42}},"36":{"start":{"line":80,"column":28},"end":{"line":86,"column":2}},"37":{"start":{"line":81,"column":17},"end":{"line":81,"column":53}},"38":{"start":{"line":82,"column":2},"end":{"line":82,"column":72}},"39":{"start":{"line":82,"column":17},"end":{"line":82,"column":33}},"40":{"start":{"line":82,"column":34},"end":{"line":82,"column":70}},"41":{"start":{"line":83,"column":2},"end":{"line":83,"column":37}},"42":{"start":{"line":84,"column":2},"end":{"line":84,"column":22}},"43":{"start":{"line":85,"column":2},"end":{"line":85,"column":19}}},"fnMap":{"0":{"name":"(anonymous_0)","decl":{"start":{"line":7,"column":43},"end":{"line":7,"column":44}},"loc":{"start":{"line":7,"column":63},"end":{"line":29,"column":1}},"line":7},"1":{"name":"(anonymous_1)","decl":{"start":{"line":34,"column":42},"end":{"line":34,"column":43}},"loc":{"start":{"line":34,"column":62},"end":{"line":37,"column":1}},"line":34},"2":{"name":"(anonymous_2)","decl":{"start":{"line":42,"column":41},"end":{"line":42,"column":42}},"loc":{"start":{"line":42,"column":61},"end":{"line":65,"column":1}},"line":42},"3":{"name":"(anonymous_3)","decl":{"start":{"line":70,"column":41},"end":{"line":70,"column":42}},"loc":{"start":{"line":70,"column":61},"end":{"line":75,"column":1}},"line":70},"4":{"name":"(anonymous_4)","decl":{"start":{"line":80,"column":41},"end":{"line":80,"column":42}},"loc":{"start":{"line":80,"column":61},"end":{"line":86,"column":1}},"line":80}},"branchMap":{"0":{"loc":{"start":{"line":10,"column":2},"end":{"line":10,"column":77}},"type":"if","locations":[{"start":{"line":10,"column":2},"end":{"line":10,"column":77}},{"start":{},"end":{}}],"line":10},"1":{"loc":{"start":{"line":13,"column":2},"end":{"line":13,"column":75}},"type":"if","locations":[{"start":{"line":13,"column":2},"end":{"line":13,"column":75}},{"start":{},"end":{}}],"line":13},"2":{"loc":{"start":{"line":15,"column":36},"end":{"line":15,"column":51}},"type":"binary-expr","locations":[{"start":{"line":15,"column":36},"end":{"line":15,"column":46}},{"start":{"line":15,"column":50},"end":{"line":15,"column":51}}],"line":15},"3":{"loc":{"start":{"line":16,"column":2},"end":{"line":16,"column":82}},"type":"if","locations":[{"start":{"line":16,"column":2},"end":{"line":16,"column":82}},{"start":{},"end":{}}],"line":16},"4":{"loc":{"start":{"line":18,"column":44},"end":{"line":18,"column":59}},"type":"binary-expr","locations":[{"start":{"line":18,"column":44},"end":{"line":18,"column":54}},{"start":{"line":18,"column":58},"end":{"line":18,"column":59}}],"line":18},"5":{"loc":{"start":{"line":45,"column":2},"end":{"line":48,"column":3}},"type":"if","locations":[{"start":{"line":45,"column":2},"end":{"line":48,"column":3}},{"start":{},"end":{}}],"line":45},"6":{"loc":{"start":{"line":45,"column":6},"end":{"line":45,"column":73}},"type":"binary-expr","locations":[{"start":{"line":45,"column":6},"end":{"line":45,"column":11}},{"start":{"line":45,"column":15},"end":{"line":45,"column":28}},{"start":{"line":45,"column":32},"end":{"line":45,"column":59}},{"start":{"line":45,"column":63},"end":{"line":45,"column":73}}],"line":45},"7":{"loc":{"start":{"line":51,"column":2},"end":{"line":51,"column":83}},"type":"if","locations":[{"start":{"line":51,"column":2},"end":{"line":51,"column":83}},{"start":{},"end":{}}],"line":51},"8":{"loc":{"start":{"line":57,"column":14},"end":{"line":57,"column":27}},"type":"binary-expr","locations":[{"start":{"line":57,"column":14},"end":{"line":57,"column":22}},{"start":{"line":57,"column":26},"end":{"line":57,"column":27}}],"line":57},"9":{"loc":{"start":{"line":58,"column":17},"end":{"line":58,"column":36}},"type":"binary-expr","locations":[{"start":{"line":58,"column":17},"end":{"line":58,"column":28}},{"start":{"line":58,"column":32},"end":{"line":58,"column":36}}],"line":58},"10":{"loc":{"start":{"line":60,"column":16},"end":{"line":60,"column":34}},"type":"binary-expr","locations":[{"start":{"line":60,"column":16},"end":{"line":60,"column":26}},{"start":{"line":60,"column":30},"end":{"line":60,"column":34}}],"line":60},"11":{"loc":{"start":{"line":61,"column":17},"end":{"line":61,"column":34}},"type":"binary-expr","locations":[{"start":{"line":61,"column":17},"end":{"line":61,"column":28}},{"start":{"line":61,"column":32},"end":{"line":61,"column":34}}],"line":61},"12":{"loc":{"start":{"line":72,"column":2},"end":{"line":72,"column":72}},"type":"if","locations":[{"start":{"line":72,"column":2},"end":{"line":72,"column":72}},{"start":{},"end":{}}],"line":72},"13":{"loc":{"start":{"line":82,"column":2},"end":{"line":82,"column":72}},"type":"if","locations":[{"start":{"line":82,"column":2},"end":{"line":82,"column":72}},{"start":{},"end":{}}],"line":82}},"s":{"0":0,"1":0,"2":0,"3":0,"4":0,"5":0,"6":0,"7":0,"8":0,"9":0,"10":0,"11":0,"12":0,"13":0,"14":0,"15":0,"16":0,"17":0,"18":0,"19":0,"20":0,"21":0,"22":0,"23":0,"24":0,"25":0,"26":0,"27":0,"28":0,"29":0,"30":0,"31":0,"32":0,"33":0,"34":0,"35":0,"36":0,"37":0,"38":0,"39":0,"40":0,"41":0,"42":0,"43":0},"f":{"0":0,"1":0,"2":0,"3":0,"4":0},"b":{"0":[0,0],"1":[0,0],"2":[0,0],"3":[0,0],"4":[0,0],"5":[0,0],"6":[0,0,0,0],"7":[0,0],"8":[0,0],"9":[0,0],"10":[0,0],"11":[0,0],"12":[0,0],"13":[0,0]},"inputSourceMap":null}
,"E:\\my projects\\react\\full-electronic-store\\electronic-store-backend\\controllers\\csvController.js": {"path":"E:\\my projects\\react\\full-electronic-store\\electronic-store-backend\\controllers\\csvController.js","statementMap":{"0":{"start":{"line":10,"column":30},"end":{"line":25,"column":2}},"1":{"start":{"line":11,"column":19},"end":{"line":11,"column":56}},"2":{"start":{"line":13,"column":2},"end":{"line":16,"column":3}},"3":{"start":{"line":14,"column":4},"end":{"line":14,"column":20}},"4":{"start":{"line":15,"column":4},"end":{"line":15,"column":51}},"5":{"start":{"line":18,"column":17},"end":{"line":18,"column":123}},"6":{"start":{"line":19,"column":25},"end":{"line":19,"column":47}},"7":{"start":{"line":20,"column":17},"end":{"line":20,"column":47}},"8":{"start":{"line":22,"column":2},"end":{"line":22,"column":44}},"9":{"start":{"line":23,"column":2},"end":{"line":23,"column":83}},"10":{"start":{"line":24,"column":2},"end":{"line":24,"column":31}},"11":{"start":{"line":30,"column":30},"end":{"line":88,"column":2}},"12":{"start":{"line":31,"column":2},"end":{"line":34,"column":3}},"13":{"start":{"line":32,"column":4},"end":{"line":32,"column":20}},"14":{"start":{"line":33,"column":4},"end":{"line":33,"column":44}},"15":{"start":{"line":36,"column":18},"end":{"line":36,"column":20}},"16":{"start":{"line":37,"column":23},"end":{"line":37,"column":47}},"17":{"start":{"line":38,"column":2},"end":{"line":38,"column":36}},"18":{"start":{"line":40,"column":21},"end":{"line":40,"column":22}},"19":{"start":{"line":41,"column":18},"end":{"line":41,"column":19}},"20":{"start":{"line":43,"column":2},"end":{"line":87,"column":7}},"21":{"start":{"line":45,"column":26},"end":{"line":45,"column":44}},"22":{"start":{"line":47,"column":6},"end":{"line":86,"column":7}},"23":{"start":{"line":48,"column":8},"end":{"line":82,"column":9}},"24":{"start":{"line":49,"column":10},"end":{"line":52,"column":11}},"25":{"start":{"line":50,"column":12},"end":{"line":50,"column":24}},"26":{"start":{"line":51,"column":12},"end":{"line":51,"column":21}},"27":{"start":{"line":55,"column":10},"end":{"line":68,"column":11}},"28":{"start":{"line":56,"column":28},"end":{"line":56,"column":59}},"29":{"start":{"line":57,"column":12},"end":{"line":67,"column":13}},"30":{"start":{"line":58,"column":14},"end":{"line":58,"column":38}},"31":{"start":{"line":59,"column":14},"end":{"line":59,"column":48}},"32":{"start":{"line":60,"column":14},"end":{"line":60,"column":46}},"33":{"start":{"line":61,"column":14},"end":{"line":61,"column":75}},"34":{"start":{"line":62,"column":14},"end":{"line":62,"column":76}},"35":{"start":{"line":63,"column":14},"end":{"line":63,"column":90}},"36":{"start":{"line":64,"column":14},"end":{"line":64,"column":35}},"37":{"start":{"line":65,"column":14},"end":{"line":65,"column":29}},"38":{"start":{"line":66,"column":14},"end":{"line":66,"column":23}},"39":{"start":{"line":71,"column":10},"end":{"line":80,"column":13}},"40":{"start":{"line":81,"column":10},"end":{"line":81,"column":25}},"41":{"start":{"line":83,"column":8},"end":{"line":83,"column":104}},"42":{"start":{"line":85,"column":8},"end":{"line":85,"column":98}}},"fnMap":{"0":{"name":"(anonymous_0)","decl":{"start":{"line":10,"column":43},"end":{"line":10,"column":44}},"loc":{"start":{"line":10,"column":63},"end":{"line":25,"column":1}},"line":10},"1":{"name":"(anonymous_1)","decl":{"start":{"line":30,"column":43},"end":{"line":30,"column":44}},"loc":{"start":{"line":30,"column":63},"end":{"line":88,"column":1}},"line":30},"2":{"name":"(anonymous_2)","decl":{"start":{"line":45,"column":16},"end":{"line":45,"column":17}},"loc":{"start":{"line":45,"column":26},"end":{"line":45,"column":44}},"line":45},"3":{"name":"(anonymous_3)","decl":{"start":{"line":46,"column":15},"end":{"line":46,"column":16}},"loc":{"start":{"line":46,"column":27},"end":{"line":87,"column":5}},"line":46}},"branchMap":{"0":{"loc":{"start":{"line":13,"column":2},"end":{"line":16,"column":3}},"type":"if","locations":[{"start":{"line":13,"column":2},"end":{"line":16,"column":3}},{"start":{},"end":{}}],"line":13},"1":{"loc":{"start":{"line":31,"column":2},"end":{"line":34,"column":3}},"type":"if","locations":[{"start":{"line":31,"column":2},"end":{"line":34,"column":3}},{"start":{},"end":{}}],"line":31},"2":{"loc":{"start":{"line":49,"column":10},"end":{"line":52,"column":11}},"type":"if","locations":[{"start":{"line":49,"column":10},"end":{"line":52,"column":11}},{"start":{},"end":{}}],"line":49},"3":{"loc":{"start":{"line":49,"column":14},"end":{"line":49,"column":54}},"type":"binary-expr","locations":[{"start":{"line":49,"column":14},"end":{"line":49,"column":23}},{"start":{"line":49,"column":27},"end":{"line":49,"column":37}},{"start":{"line":49,"column":41},"end":{"line":49,"column":54}}],"line":49},"4":{"loc":{"start":{"line":55,"column":10},"end":{"line":68,"column":11}},"type":"if","locations":[{"start":{"line":55,"column":10},"end":{"line":68,"column":11}},{"start":{},"end":{}}],"line":55},"5":{"loc":{"start":{"line":55,"column":14},"end":{"line":55,"column":46}},"type":"binary-expr","locations":[{"start":{"line":55,"column":14},"end":{"line":55,"column":21}},{"start":{"line":55,"column":25},"end":{"line":55,"column":46}}],"line":55},"6":{"loc":{"start":{"line":57,"column":12},"end":{"line":67,"column":13}},"type":"if","locations":[{"start":{"line":57,"column":12},"end":{"line":67,"column":13}},{"start":{},"end":{}}],"line":57},"7":{"loc":{"start":{"line":61,"column":36},"end":{"line":61,"column":74}},"type":"binary-expr","locations":[{"start":{"line":61,"column":36},"end":{"line":61,"column":51}},{"start":{"line":61,"column":55},"end":{"line":61,"column":74}}],"line":61},"8":{"loc":{"start":{"line":62,"column":30},"end":{"line":62,"column":75}},"type":"cond-expr","locations":[{"start":{"line":62,"column":42},"end":{"line":62,"column":59}},{"start":{"line":62,"column":62},"end":{"line":62,"column":75}}],"line":62},"9":{"loc":{"start":{"line":63,"column":36},"end":{"line":63,"column":89}},"type":"binary-expr","locations":[{"start":{"line":63,"column":36},"end":{"line":63,"column":62}},{"start":{"line":63,"column":66},"end":{"line":63,"column":89}}],"line":63},"10":{"loc":{"start":{"line":73,"column":25},"end":{"line":73,"column":70}},"type":"binary-expr","locations":[{"start":{"line":73,"column":25},"end":{"line":73,"column":40}},{"start":{"line":73,"column":44},"end":{"line":73,"column":70}}],"line":73},"11":{"loc":{"start":{"line":75,"column":27},"end":{"line":75,"column":79}},"type":"cond-expr","locations":[{"start":{"line":75,"column":47},"end":{"line":75,"column":72}},{"start":{"line":75,"column":75},"end":{"line":75,"column":79}}],"line":75},"12":{"loc":{"start":{"line":77,"column":19},"end":{"line":77,"column":53}},"type":"cond-expr","locations":[{"start":{"line":77,"column":31},"end":{"line":77,"column":48}},{"start":{"line":77,"column":51},"end":{"line":77,"column":53}}],"line":77},"13":{"loc":{"start":{"line":78,"column":25},"end":{"line":78,"column":78}},"type":"binary-expr","locations":[{"start":{"line":78,"column":25},"end":{"line":78,"column":51}},{"start":{"line":78,"column":55},"end":{"line":78,"column":78}}],"line":78}},"s":{"0":0,"1":0,"2":0,"3":0,"4":0,"5":0,"6":0,"7":0,"8":0,"9":0,"10":0,"11":0,"12":0,"13":0,"14":0,"15":0,"16":0,"17":0,"18":0,"19":0,"20":0,"21":0,"22":0,"23":0,"24":0,"25":0,"26":0,"27":0,"28":0,"29":0,"30":0,"31":0,"32":0,"33":0,"34":0,"35":0,"36":0,"37":0,"38":0,"39":0,"40":0,"41":0,"42":0},"f":{"0":0,"1":0,"2":0,"3":0},"b":{"0":[0,0],"1":[0,0],"2":[0,0],"3":[0,0,0],"4":[0,0],"5":[0,0],"6":[0,0],"7":[0,0],"8":[0,0],"9":[0,0],"10":[0,0],"11":[0,0],"12":[0,0],"13":[0,0]},"inputSourceMap":null}
,"E:\\my projects\\react\\full-electronic-store\\electronic-store-backend\\controllers\\feedbackController.js": {"path":"E:\\my projects\\react\\full-electronic-store\\electronic-store-backend\\controllers\\feedbackController.js","statementMap":{"0":{"start":{"line":8,"column":30},"end":{"line":35,"column":2}},"1":{"start":{"line":9,"column":44},"end":{"line":9,"column":52}},"2":{"start":{"line":11,"column":19},"end":{"line":17,"column":4}},"3":{"start":{"line":20,"column":2},"end":{"line":32,"column":5}},"4":{"start":{"line":34,"column":2},"end":{"line":34,"column":72}},"5":{"start":{"line":40,"column":30},"end":{"line":43,"column":2}},"6":{"start":{"line":41,"column":20},"end":{"line":41,"column":65}},"7":{"start":{"line":42,"column":2},"end":{"line":42,"column":22}},"8":{"start":{"line":48,"column":26},"end":{"line":59,"column":2}},"9":{"start":{"line":49,"column":19},"end":{"line":53,"column":3}},"10":{"start":{"line":54,"column":2},"end":{"line":57,"column":3}},"11":{"start":{"line":55,"column":4},"end":{"line":55,"column":20}},"12":{"start":{"line":56,"column":4},"end":{"line":56,"column":42}},"13":{"start":{"line":58,"column":2},"end":{"line":58,"column":21}}},"fnMap":{"0":{"name":"(anonymous_0)","decl":{"start":{"line":8,"column":43},"end":{"line":8,"column":44}},"loc":{"start":{"line":8,"column":63},"end":{"line":35,"column":1}},"line":8},"1":{"name":"(anonymous_1)","decl":{"start":{"line":40,"column":43},"end":{"line":40,"column":44}},"loc":{"start":{"line":40,"column":63},"end":{"line":43,"column":1}},"line":40},"2":{"name":"(anonymous_2)","decl":{"start":{"line":48,"column":39},"end":{"line":48,"column":40}},"loc":{"start":{"line":48,"column":59},"end":{"line":59,"column":1}},"line":48}},"branchMap":{"0":{"loc":{"start":{"line":54,"column":2},"end":{"line":57,"column":3}},"type":"if","locations":[{"start":{"line":54,"column":2},"end":{"line":57,"column":3}},{"start":{},"end":{}}],"line":54}},"s":{"0":0,"1":0,"2":0,"3":0,"4":0,"5":0,"6":0,"7":0,"8":0,"9":0,"10":0,"11":0,"12":0,"13":0},"f":{"0":0,"1":0,"2":0},"b":{"0":[0,0]},"inputSourceMap":null}
,"E:\\my projects\\react\\full-electronic-store\\electronic-store-backend\\controllers\\orderController.js": {"path":"E:\\my projects\\react\\full-electronic-store\\electronic-store-backend\\controllers\\orderController.js","statementMap":{"0":{"start":{"line":15,"column":35},"end":{"line":47,"column":2}},"1":{"start":{"line":16,"column":21},"end":{"line":16,"column":29}},"2":{"start":{"line":18,"column":2},"end":{"line":21,"column":3}},"3":{"start":{"line":19,"column":4},"end":{"line":19,"column":20}},"4":{"start":{"line":20,"column":4},"end":{"line":20,"column":38}},"5":{"start":{"line":24,"column":2},"end":{"line":27,"column":3}},"6":{"start":{"line":25,"column":4},"end":{"line":25,"column":20}},"7":{"start":{"line":26,"column":4},"end":{"line":26,"column":79}},"8":{"start":{"line":29,"column":2},"end":{"line":46,"column":3}},"9":{"start":{"line":30,"column":21},"end":{"line":30,"column":34}},"10":{"start":{"line":31,"column":4},"end":{"line":34,"column":5}},"11":{"start":{"line":32,"column":6},"end":{"line":32,"column":22}},"12":{"start":{"line":33,"column":6},"end":{"line":33,"column":81}},"13":{"start":{"line":35,"column":20},"end":{"line":39,"column":5}},"14":{"start":{"line":40,"column":21},"end":{"line":40,"column":58}},"15":{"start":{"line":41,"column":4},"end":{"line":41,"column":23}},"16":{"start":{"line":43,"column":4},"end":{"line":43,"column":55}},"17":{"start":{"line":44,"column":4},"end":{"line":44,"column":20}},"18":{"start":{"line":45,"column":4},"end":{"line":45,"column":64}},"19":{"start":{"line":50,"column":26},"end":{"line":110,"column":2}},"20":{"start":{"line":54,"column":6},"end":{"line":54,"column":14}},"21":{"start":{"line":57,"column":19},"end":{"line":57,"column":64}},"22":{"start":{"line":58,"column":19},"end":{"line":61,"column":18}},"23":{"start":{"line":63,"column":2},"end":{"line":66,"column":3}},"24":{"start":{"line":64,"column":4},"end":{"line":64,"column":20}},"25":{"start":{"line":65,"column":4},"end":{"line":65,"column":51}},"26":{"start":{"line":68,"column":16},"end":{"line":81,"column":4}},"27":{"start":{"line":84,"column":2},"end":{"line":86,"column":3}},"28":{"start":{"line":85,"column":4},"end":{"line":85,"column":114}},"29":{"start":{"line":89,"column":2},"end":{"line":89,"column":34}},"30":{"start":{"line":92,"column":2},"end":{"line":98,"column":71}},"31":{"start":{"line":93,"column":4},"end":{"line":97,"column":7}},"32":{"start":{"line":98,"column":16},"end":{"line":98,"column":69}},"33":{"start":{"line":101,"column":2},"end":{"line":107,"column":72}},"34":{"start":{"line":102,"column":4},"end":{"line":106,"column":7}},"35":{"start":{"line":107,"column":16},"end":{"line":107,"column":70}},"36":{"start":{"line":109,"column":2},"end":{"line":109,"column":30}},"37":{"start":{"line":113,"column":27},"end":{"line":118,"column":2}},"38":{"start":{"line":114,"column":17},"end":{"line":116,"column":28}},"39":{"start":{"line":117,"column":2},"end":{"line":117,"column":19}},"40":{"start":{"line":121,"column":28},"end":{"line":136,"column":2}},"41":{"start":{"line":122,"column":16},"end":{"line":124,"column":50}},"42":{"start":{"line":126,"column":2},"end":{"line":126,"column":70}},"43":{"start":{"line":126,"column":16},"end":{"line":126,"column":32}},"44":{"start":{"line":126,"column":33},"end":{"line":126,"column":68}},"45":{"start":{"line":128,"column":2},"end":{"line":134,"column":3}},"46":{"start":{"line":132,"column":4},"end":{"line":132,"column":20}},"47":{"start":{"line":133,"column":4},"end":{"line":133,"column":38}},"48":{"start":{"line":135,"column":2},"end":{"line":135,"column":18}},"49":{"start":{"line":139,"column":28},"end":{"line":154,"column":2}},"50":{"start":{"line":140,"column":43},"end":{"line":140,"column":52}},"51":{"start":{"line":141,"column":16},"end":{"line":141,"column":40}},"52":{"start":{"line":142,"column":16},"end":{"line":142,"column":34}},"53":{"start":{"line":144,"column":26},"end":{"line":151,"column":4}},"54":{"start":{"line":153,"column":2},"end":{"line":153,"column":83}},"55":{"start":{"line":157,"column":33},"end":{"line":202,"column":2}},"56":{"start":{"line":158,"column":38},"end":{"line":158,"column":46}},"57":{"start":{"line":159,"column":16},"end":{"line":159,"column":82}},"58":{"start":{"line":160,"column":2},"end":{"line":160,"column":70}},"59":{"start":{"line":160,"column":16},"end":{"line":160,"column":32}},"60":{"start":{"line":160,"column":33},"end":{"line":160,"column":68}},"61":{"start":{"line":162,"column":2},"end":{"line":162,"column":24}},"62":{"start":{"line":163,"column":2},"end":{"line":163,"column":63}},"63":{"start":{"line":163,"column":23},"end":{"line":163,"column":63}},"64":{"start":{"line":166,"column":2},"end":{"line":188,"column":3}},"65":{"start":{"line":167,"column":4},"end":{"line":187,"column":66}},"66":{"start":{"line":168,"column":23},"end":{"line":168,"column":36}},"67":{"start":{"line":169,"column":6},"end":{"line":169,"column":81}},"68":{"start":{"line":169,"column":21},"end":{"line":169,"column":81}},"69":{"start":{"line":170,"column":21},"end":{"line":176,"column":7}},"70":{"start":{"line":177,"column":6},"end":{"line":182,"column":8}},"71":{"start":{"line":184,"column":6},"end":{"line":186,"column":7}},"72":{"start":{"line":185,"column":8},"end":{"line":185,"column":90}},"73":{"start":{"line":187,"column":20},"end":{"line":187,"column":64}},"74":{"start":{"line":190,"column":2},"end":{"line":190,"column":21}},"75":{"start":{"line":193,"column":2},"end":{"line":199,"column":67}},"76":{"start":{"line":194,"column":4},"end":{"line":198,"column":7}},"77":{"start":{"line":199,"column":16},"end":{"line":199,"column":65}},"78":{"start":{"line":201,"column":2},"end":{"line":201,"column":18}}},"fnMap":{"0":{"name":"(anonymous_0)","decl":{"start":{"line":15,"column":48},"end":{"line":15,"column":49}},"loc":{"start":{"line":15,"column":68},"end":{"line":47,"column":1}},"line":15},"1":{"name":"(anonymous_1)","decl":{"start":{"line":50,"column":39},"end":{"line":50,"column":40}},"loc":{"start":{"line":50,"column":59},"end":{"line":110,"column":1}},"line":50},"2":{"name":"(anonymous_2)","decl":{"start":{"line":89,"column":24},"end":{"line":89,"column":25}},"loc":{"start":{"line":89,"column":30},"end":{"line":89,"column":32}},"line":89},"3":{"name":"(anonymous_3)","decl":{"start":{"line":113,"column":40},"end":{"line":113,"column":41}},"loc":{"start":{"line":113,"column":60},"end":{"line":118,"column":1}},"line":113},"4":{"name":"(anonymous_4)","decl":{"start":{"line":121,"column":41},"end":{"line":121,"column":42}},"loc":{"start":{"line":121,"column":61},"end":{"line":136,"column":1}},"line":121},"5":{"name":"(anonymous_5)","decl":{"start":{"line":139,"column":41},"end":{"line":139,"column":42}},"loc":{"start":{"line":139,"column":61},"end":{"line":154,"column":1}},"line":139},"6":{"name":"(anonymous_6)","decl":{"start":{"line":157,"column":46},"end":{"line":157,"column":47}},"loc":{"start":{"line":157,"column":66},"end":{"line":202,"column":1}},"line":157}},"branchMap":{"0":{"loc":{"start":{"line":18,"column":2},"end":{"line":21,"column":3}},"type":"if","locations":[{"start":{"line":18,"column":2},"end":{"line":21,"column":3}},{"start":{},"end":{}}],"line":18},"1":{"loc":{"start":{"line":18,"column":6},"end":{"line":18,"column":28}},"type":"binary-expr","locations":[{"start":{"line":18,"column":6},"end":{"line":18,"column":13}},{"start":{"line":18,"column":17},"end":{"line":18,"column":28}}],"line":18},"2":{"loc":{"start":{"line":24,"column":2},"end":{"line":27,"column":3}},"type":"if","locations":[{"start":{"line":24,"column":2},"end":{"line":27,"column":3}},{"start":{},"end":{}}],"line":24},"3":{"loc":{"start":{"line":24,"column":6},"end":{"line":24,"column":70}},"type":"binary-expr","locations":[{"start":{"line":24,"column":6},"end":{"line":24,"column":34}},{"start":{"line":24,"column":38},"end":{"line":24,"column":70}}],"line":24},"4":{"loc":{"start":{"line":31,"column":4},"end":{"line":34,"column":5}},"type":"if","locations":[{"start":{"line":31,"column":4},"end":{"line":34,"column":5}},{"start":{},"end":{}}],"line":31},"5":{"loc":{"start":{"line":63,"column":2},"end":{"line":66,"column":3}},"type":"if","locations":[{"start":{"line":63,"column":2},"end":{"line":66,"column":3}},{"start":{},"end":{}}],"line":63},"6":{"loc":{"start":{"line":126,"column":2},"end":{"line":126,"column":70}},"type":"if","locations":[{"start":{"line":126,"column":2},"end":{"line":126,"column":70}},{"start":{},"end":{}}],"line":126},"7":{"loc":{"start":{"line":128,"column":2},"end":{"line":134,"column":3}},"type":"if","locations":[{"start":{"line":128,"column":2},"end":{"line":134,"column":3}},{"start":{},"end":{}}],"line":128},"8":{"loc":{"start":{"line":129,"column":4},"end":{"line":130,"column":29}},"type":"binary-expr","locations":[{"start":{"line":129,"column":4},"end":{"line":129,"column":57}},{"start":{"line":130,"column":4},"end":{"line":130,"column":29}}],"line":129},"9":{"loc":{"start":{"line":140,"column":18},"end":{"line":140,"column":26}},"type":"default-arg","locations":[{"start":{"line":140,"column":25},"end":{"line":140,"column":26}}],"line":140},"10":{"loc":{"start":{"line":140,"column":28},"end":{"line":140,"column":38}},"type":"default-arg","locations":[{"start":{"line":140,"column":36},"end":{"line":140,"column":38}}],"line":140},"11":{"loc":{"start":{"line":141,"column":16},"end":{"line":141,"column":40}},"type":"cond-expr","locations":[{"start":{"line":141,"column":25},"end":{"line":141,"column":35}},{"start":{"line":141,"column":38},"end":{"line":141,"column":40}}],"line":141},"12":{"loc":{"start":{"line":160,"column":2},"end":{"line":160,"column":70}},"type":"if","locations":[{"start":{"line":160,"column":2},"end":{"line":160,"column":70}},{"start":{},"end":{}}],"line":160},"13":{"loc":{"start":{"line":163,"column":2},"end":{"line":163,"column":63}},"type":"if","locations":[{"start":{"line":163,"column":2},"end":{"line":163,"column":63}},{"start":{},"end":{}}],"line":163},"14":{"loc":{"start":{"line":166,"column":2},"end":{"line":188,"column":3}},"type":"if","locations":[{"start":{"line":166,"column":2},"end":{"line":188,"column":3}},{"start":{},"end":{}}],"line":166},"15":{"loc":{"start":{"line":166,"column":6},"end":{"line":166,"column":80}},"type":"binary-expr","locations":[{"start":{"line":166,"column":6},"end":{"line":166,"column":27}},{"start":{"line":166,"column":31},"end":{"line":166,"column":51}},{"start":{"line":166,"column":55},"end":{"line":166,"column":80}}],"line":166},"16":{"loc":{"start":{"line":169,"column":6},"end":{"line":169,"column":81}},"type":"if","locations":[{"start":{"line":169,"column":6},"end":{"line":169,"column":81}},{"start":{},"end":{}}],"line":169},"17":{"loc":{"start":{"line":174,"column":28},"end":{"line":174,"column":63}},"type":"binary-expr","locations":[{"start":{"line":174,"column":28},"end":{"line":174,"column":43}},{"start":{"line":174,"column":47},"end":{"line":174,"column":63}}],"line":174}},"s":{"0":0,"1":0,"2":0,"3":0,"4":0,"5":0,"6":0,"7":0,"8":0,"9":0,"10":0,"11":0,"12":0,"13":0,"14":0,"15":0,"16":0,"17":0,"18":0,"19":0,"20":0,"21":0,"22":0,"23":0,"24":0,"25":0,"26":0,"27":0,"28":0,"29":0,"30":0,"31":0,"32":0,"33":0,"34":0,"35":0,"36":0,"37":0,"38":0,"39":0,"40":0,"41":0,"42":0,"43":0,"44":0,"45":0,"46":0,"47":0,"48":0,"49":0,"50":0,"51":0,"52":0,"53":0,"54":0,"55":0,"56":0,"57":0,"58":0,"59":0,"60":0,"61":0,"62":0,"63":0,"64":0,"65":0,"66":0,"67":0,"68":0,"69":0,"70":0,"71":0,"72":0,"73":0,"74":0,"75":0,"76":0,"77":0,"78":0},"f":{"0":0,"1":0,"2":0,"3":0,"4":0,"5":0,"6":0},"b":{"0":[0,0],"1":[0,0],"2":[0,0],"3":[0,0],"4":[0,0],"5":[0,0],"6":[0,0],"7":[0,0],"8":[0,0],"9":[0],"10":[0],"11":[0,0],"12":[0,0],"13":[0,0],"14":[0,0],"15":[0,0,0],"16":[0,0],"17":[0,0]},"inputSourceMap":null}
,"E:\\my projects\\react\\full-electronic-store\\electronic-store-backend\\controllers\\orderDirectController.js": {"path":"E:\\my projects\\react\\full-electronic-store\\electronic-store-backend\\controllers\\orderDirectController.js","statementMap":{"0":{"start":{"line":8,"column":32},"end":{"line":36,"column":2}},"1":{"start":{"line":9,"column":70},"end":{"line":9,"column":78}},"2":{"start":{"line":11,"column":2},"end":{"line":14,"column":3}},"3":{"start":{"line":12,"column":4},"end":{"line":12,"column":20}},"4":{"start":{"line":13,"column":4},"end":{"line":13,"column":38}},"5":{"start":{"line":16,"column":16},"end":{"line":26,"column":4}},"6":{"start":{"line":29,"column":2},"end":{"line":33,"column":3}},"7":{"start":{"line":30,"column":4},"end":{"line":32,"column":5}},"8":{"start":{"line":31,"column":6},"end":{"line":31,"column":116}},"9":{"start":{"line":35,"column":2},"end":{"line":35,"column":30}}},"fnMap":{"0":{"name":"(anonymous_0)","decl":{"start":{"line":8,"column":45},"end":{"line":8,"column":46}},"loc":{"start":{"line":8,"column":65},"end":{"line":36,"column":1}},"line":8}},"branchMap":{"0":{"loc":{"start":{"line":11,"column":2},"end":{"line":14,"column":3}},"type":"if","locations":[{"start":{"line":11,"column":2},"end":{"line":14,"column":3}},{"start":{},"end":{}}],"line":11},"1":{"loc":{"start":{"line":11,"column":6},"end":{"line":11,"column":44}},"type":"binary-expr","locations":[{"start":{"line":11,"column":6},"end":{"line":11,"column":17}},{"start":{"line":11,"column":21},"end":{"line":11,"column":44}}],"line":11},"2":{"loc":{"start":{"line":22,"column":14},"end":{"line":22,"column":52}},"type":"cond-expr","locations":[{"start":{"line":22,"column":40},"end":{"line":22,"column":45}},{"start":{"line":22,"column":48},"end":{"line":22,"column":52}}],"line":22},"3":{"loc":{"start":{"line":23,"column":14},"end":{"line":23,"column":62}},"type":"cond-expr","locations":[{"start":{"line":23,"column":40},"end":{"line":23,"column":49}},{"start":{"line":23,"column":52},"end":{"line":23,"column":62}}],"line":23},"4":{"loc":{"start":{"line":30,"column":4},"end":{"line":32,"column":5}},"type":"if","locations":[{"start":{"line":30,"column":4},"end":{"line":32,"column":5}},{"start":{},"end":{}}],"line":30}},"s":{"0":0,"1":0,"2":0,"3":0,"4":0,"5":0,"6":0,"7":0,"8":0,"9":0},"f":{"0":0},"b":{"0":[0,0],"1":[0,0],"2":[0,0],"3":[0,0],"4":[0,0]},"inputSourceMap":null}
,"E:\\my projects\\react\\full-electronic-store\\electronic-store-backend\\controllers\\productController.js": {"path":"E:\\my projects\\react\\full-electronic-store\\electronic-store-backend\\controllers\\productController.js","statementMap":{"0":{"start":{"line":5,"column":21},"end":{"line":17,"column":1}},"1":{"start":{"line":6,"column":2},"end":{"line":6,"column":73}},"2":{"start":{"line":6,"column":52},"end":{"line":6,"column":73}},"3":{"start":{"line":8,"column":16},"end":{"line":8,"column":39}},"4":{"start":{"line":9,"column":2},"end":{"line":9,"column":39}},"5":{"start":{"line":9,"column":18},"end":{"line":9,"column":39}},"6":{"start":{"line":11,"column":2},"end":{"line":11,"column":84}},"7":{"start":{"line":11,"column":70},"end":{"line":11,"column":84}},"8":{"start":{"line":13,"column":26},"end":{"line":13,"column":73}},"9":{"start":{"line":14,"column":2},"end":{"line":14,"column":66}},"10":{"start":{"line":14,"column":53},"end":{"line":14,"column":66}},"11":{"start":{"line":16,"column":2},"end":{"line":16,"column":14}},"12":{"start":{"line":22,"column":27},"end":{"line":64,"column":2}},"13":{"start":{"line":23,"column":79},"end":{"line":23,"column":88}},"14":{"start":{"line":25,"column":16},"end":{"line":25,"column":47}},"15":{"start":{"line":27,"column":2},"end":{"line":27,"column":78}},"16":{"start":{"line":27,"column":16},"end":{"line":27,"column":78}},"17":{"start":{"line":28,"column":2},"end":{"line":32,"column":3}},"18":{"start":{"line":29,"column":4},"end":{"line":29,"column":21}},"19":{"start":{"line":30,"column":4},"end":{"line":30,"column":54}},"20":{"start":{"line":30,"column":18},"end":{"line":30,"column":54}},"21":{"start":{"line":31,"column":4},"end":{"line":31,"column":54}},"22":{"start":{"line":31,"column":18},"end":{"line":31,"column":54}},"23":{"start":{"line":33,"column":2},"end":{"line":33,"column":48}},"24":{"start":{"line":33,"column":14},"end":{"line":33,"column":48}},"25":{"start":{"line":35,"column":22},"end":{"line":42,"column":3}},"26":{"start":{"line":44,"column":17},"end":{"line":44,"column":55}},"27":{"start":{"line":45,"column":15},"end":{"line":45,"column":33}},"28":{"start":{"line":47,"column":28},"end":{"line":50,"column":4}},"29":{"start":{"line":52,"column":28},"end":{"line":56,"column":4}},"30":{"start":{"line":53,"column":16},"end":{"line":53,"column":28}},"31":{"start":{"line":54,"column":4},"end":{"line":54,"column":34}},"32":{"start":{"line":55,"column":4},"end":{"line":55,"column":15}},"33":{"start":{"line":58,"column":2},"end":{"line":63,"column":5}},"34":{"start":{"line":69,"column":30},"end":{"line":78,"column":2}},"35":{"start":{"line":70,"column":18},"end":{"line":70,"column":55}},"36":{"start":{"line":71,"column":2},"end":{"line":74,"column":3}},"37":{"start":{"line":72,"column":4},"end":{"line":72,"column":20}},"38":{"start":{"line":73,"column":4},"end":{"line":73,"column":41}},"39":{"start":{"line":75,"column":14},"end":{"line":75,"column":32}},"40":{"start":{"line":76,"column":2},"end":{"line":76,"column":32}},"41":{"start":{"line":77,"column":2},"end":{"line":77,"column":16}},"42":{"start":{"line":83,"column":29},"end":{"line":111,"column":2}},"43":{"start":{"line":84,"column":109},"end":{"line":84,"column":117}},"44":{"start":{"line":87,"column":22},"end":{"line":87,"column":24}},"45":{"start":{"line":88,"column":2},"end":{"line":94,"column":3}},"46":{"start":{"line":89,"column":4},"end":{"line":89,"column":83}},"47":{"start":{"line":89,"column":42},"end":{"line":89,"column":80}},"48":{"start":{"line":90,"column":9},"end":{"line":94,"column":3}},"49":{"start":{"line":91,"column":4},"end":{"line":91,"column":84}},"50":{"start":{"line":91,"column":38},"end":{"line":91,"column":82}},"51":{"start":{"line":92,"column":9},"end":{"line":94,"column":3}},"52":{"start":{"line":93,"column":4},"end":{"line":93,"column":40}},"53":{"start":{"line":96,"column":18},"end":{"line":108,"column":4}},"54":{"start":{"line":105,"column":70},"end":{"line":105,"column":78}},"55":{"start":{"line":110,"column":2},"end":{"line":110,"column":32}},"56":{"start":{"line":116,"column":29},"end":{"line":143,"column":2}},"57":{"start":{"line":117,"column":18},"end":{"line":117,"column":55}},"58":{"start":{"line":118,"column":2},"end":{"line":121,"column":3}},"59":{"start":{"line":119,"column":4},"end":{"line":119,"column":20}},"60":{"start":{"line":120,"column":4},"end":{"line":120,"column":41}},"61":{"start":{"line":123,"column":104},"end":{"line":123,"column":112}},"62":{"start":{"line":125,"column":2},"end":{"line":125,"column":38}},"63":{"start":{"line":126,"column":2},"end":{"line":126,"column":59}},"64":{"start":{"line":127,"column":2},"end":{"line":127,"column":70}},"65":{"start":{"line":128,"column":2},"end":{"line":128,"column":102}},"66":{"start":{"line":129,"column":2},"end":{"line":129,"column":50}},"67":{"start":{"line":130,"column":2},"end":{"line":130,"column":62}},"68":{"start":{"line":131,"column":2},"end":{"line":131,"column":41}},"69":{"start":{"line":132,"column":2},"end":{"line":132,"column":70}},"70":{"start":{"line":133,"column":2},"end":{"line":133,"column":86}},"71":{"start":{"line":134,"column":2},"end":{"line":134,"column":96}},"72":{"start":{"line":134,"column":12},"end":{"line":134,"column":96}},"73":{"start":{"line":134,"column":79},"end":{"line":134,"column":87}},"74":{"start":{"line":136,"column":2},"end":{"line":139,"column":3}},"75":{"start":{"line":137,"column":22},"end":{"line":137,"column":84}},"76":{"start":{"line":137,"column":44},"end":{"line":137,"column":82}},"77":{"start":{"line":138,"column":4},"end":{"line":138,"column":55}},"78":{"start":{"line":141,"column":18},"end":{"line":141,"column":38}},"79":{"start":{"line":142,"column":2},"end":{"line":142,"column":20}},"80":{"start":{"line":148,"column":29},"end":{"line":156,"column":2}},"81":{"start":{"line":149,"column":18},"end":{"line":149,"column":55}},"82":{"start":{"line":150,"column":2},"end":{"line":153,"column":3}},"83":{"start":{"line":151,"column":4},"end":{"line":151,"column":20}},"84":{"start":{"line":152,"column":4},"end":{"line":152,"column":41}},"85":{"start":{"line":154,"column":2},"end":{"line":154,"column":28}},"86":{"start":{"line":155,"column":2},"end":{"line":155,"column":56}},"87":{"start":{"line":161,"column":34},"end":{"line":173,"column":2}},"88":{"start":{"line":162,"column":18},"end":{"line":162,"column":55}},"89":{"start":{"line":163,"column":2},"end":{"line":166,"column":3}},"90":{"start":{"line":164,"column":4},"end":{"line":164,"column":20}},"91":{"start":{"line":165,"column":4},"end":{"line":165,"column":41}},"92":{"start":{"line":168,"column":19},"end":{"line":168,"column":58}},"93":{"start":{"line":169,"column":2},"end":{"line":169,"column":78}},"94":{"start":{"line":169,"column":50},"end":{"line":169,"column":76}},"95":{"start":{"line":170,"column":2},"end":{"line":170,"column":23}},"96":{"start":{"line":172,"column":2},"end":{"line":172,"column":41}},"97":{"start":{"line":178,"column":29},"end":{"line":191,"column":2}},"98":{"start":{"line":179,"column":16},"end":{"line":179,"column":44}},"99":{"start":{"line":182,"column":19},"end":{"line":184,"column":17}},"100":{"start":{"line":186,"column":2},"end":{"line":190,"column":6}},"101":{"start":{"line":187,"column":16},"end":{"line":187,"column":28}},"102":{"start":{"line":188,"column":4},"end":{"line":188,"column":34}},"103":{"start":{"line":189,"column":4},"end":{"line":189,"column":88}}},"fnMap":{"0":{"name":"(anonymous_0)","decl":{"start":{"line":5,"column":21},"end":{"line":5,"column":22}},"loc":{"start":{"line":5,"column":34},"end":{"line":17,"column":1}},"line":5},"1":{"name":"(anonymous_1)","decl":{"start":{"line":22,"column":40},"end":{"line":22,"column":41}},"loc":{"start":{"line":22,"column":60},"end":{"line":64,"column":1}},"line":22},"2":{"name":"(anonymous_2)","decl":{"start":{"line":52,"column":41},"end":{"line":52,"column":42}},"loc":{"start":{"line":52,"column":46},"end":{"line":56,"column":3}},"line":52},"3":{"name":"(anonymous_3)","decl":{"start":{"line":69,"column":43},"end":{"line":69,"column":44}},"loc":{"start":{"line":69,"column":63},"end":{"line":78,"column":1}},"line":69},"4":{"name":"(anonymous_4)","decl":{"start":{"line":83,"column":42},"end":{"line":83,"column":43}},"loc":{"start":{"line":83,"column":62},"end":{"line":111,"column":1}},"line":83},"5":{"name":"(anonymous_5)","decl":{"start":{"line":89,"column":34},"end":{"line":89,"column":35}},"loc":{"start":{"line":89,"column":42},"end":{"line":89,"column":80}},"line":89},"6":{"name":"(anonymous_6)","decl":{"start":{"line":91,"column":31},"end":{"line":91,"column":32}},"loc":{"start":{"line":91,"column":38},"end":{"line":91,"column":82}},"line":91},"7":{"name":"(anonymous_7)","decl":{"start":{"line":105,"column":65},"end":{"line":105,"column":66}},"loc":{"start":{"line":105,"column":70},"end":{"line":105,"column":78}},"line":105},"8":{"name":"(anonymous_8)","decl":{"start":{"line":116,"column":42},"end":{"line":116,"column":43}},"loc":{"start":{"line":116,"column":62},"end":{"line":143,"column":1}},"line":116},"9":{"name":"(anonymous_9)","decl":{"start":{"line":134,"column":74},"end":{"line":134,"column":75}},"loc":{"start":{"line":134,"column":79},"end":{"line":134,"column":87}},"line":134},"10":{"name":"(anonymous_10)","decl":{"start":{"line":137,"column":36},"end":{"line":137,"column":37}},"loc":{"start":{"line":137,"column":44},"end":{"line":137,"column":82}},"line":137},"11":{"name":"(anonymous_11)","decl":{"start":{"line":148,"column":42},"end":{"line":148,"column":43}},"loc":{"start":{"line":148,"column":62},"end":{"line":156,"column":1}},"line":148},"12":{"name":"(anonymous_12)","decl":{"start":{"line":161,"column":47},"end":{"line":161,"column":48}},"loc":{"start":{"line":161,"column":67},"end":{"line":173,"column":1}},"line":161},"13":{"name":"(anonymous_13)","decl":{"start":{"line":169,"column":41},"end":{"line":169,"column":42}},"loc":{"start":{"line":169,"column":50},"end":{"line":169,"column":76}},"line":169},"14":{"name":"(anonymous_14)","decl":{"start":{"line":178,"column":42},"end":{"line":178,"column":43}},"loc":{"start":{"line":178,"column":62},"end":{"line":191,"column":1}},"line":178},"15":{"name":"(anonymous_15)","decl":{"start":{"line":186,"column":24},"end":{"line":186,"column":25}},"loc":{"start":{"line":186,"column":29},"end":{"line":190,"column":3}},"line":186}},"branchMap":{"0":{"loc":{"start":{"line":6,"column":2},"end":{"line":6,"column":73}},"type":"if","locations":[{"start":{"line":6,"column":2},"end":{"line":6,"column":73}},{"start":{},"end":{}}],"line":6},"1":{"loc":{"start":{"line":6,"column":6},"end":{"line":6,"column":50}},"type":"binary-expr","locations":[{"start":{"line":6,"column":6},"end":{"line":6,"column":19}},{"start":{"line":6,"column":23},"end":{"line":6,"column":50}}],"line":6},"2":{"loc":{"start":{"line":8,"column":16},"end":{"line":8,"column":39}},"type":"binary-expr","locations":[{"start":{"line":8,"column":16},"end":{"line":8,"column":34}},{"start":{"line":8,"column":38},"end":{"line":8,"column":39}}],"line":8},"3":{"loc":{"start":{"line":9,"column":2},"end":{"line":9,"column":39}},"type":"if","locations":[{"start":{"line":9,"column":2},"end":{"line":9,"column":39}},{"start":{},"end":{}}],"line":9},"4":{"loc":{"start":{"line":11,"column":2},"end":{"line":11,"column":84}},"type":"if","locations":[{"start":{"line":11,"column":2},"end":{"line":11,"column":84}},{"start":{},"end":{}}],"line":11},"5":{"loc":{"start":{"line":11,"column":6},"end":{"line":11,"column":68}},"type":"binary-expr","locations":[{"start":{"line":11,"column":6},"end":{"line":11,"column":27}},{"start":{"line":11,"column":31},"end":{"line":11,"column":68}}],"line":11},"6":{"loc":{"start":{"line":14,"column":2},"end":{"line":14,"column":66}},"type":"if","locations":[{"start":{"line":14,"column":2},"end":{"line":14,"column":66}},{"start":{},"end":{}}],"line":14},"7":{"loc":{"start":{"line":23,"column":54},"end":{"line":23,"column":62}},"type":"default-arg","locations":[{"start":{"line":23,"column":61},"end":{"line":23,"column":62}}],"line":23},"8":{"loc":{"start":{"line":23,"column":64},"end":{"line":23,"column":74}},"type":"default-arg","locations":[{"start":{"line":23,"column":72},"end":{"line":23,"column":74}}],"line":23},"9":{"loc":{"start":{"line":27,"column":2},"end":{"line":27,"column":78}},"type":"if","locations":[{"start":{"line":27,"column":2},"end":{"line":27,"column":78}},{"start":{},"end":{}}],"line":27},"10":{"loc":{"start":{"line":28,"column":2},"end":{"line":32,"column":3}},"type":"if","locations":[{"start":{"line":28,"column":2},"end":{"line":32,"column":3}},{"start":{},"end":{}}],"line":28},"11":{"loc":{"start":{"line":28,"column":6},"end":{"line":28,"column":26}},"type":"binary-expr","locations":[{"start":{"line":28,"column":6},"end":{"line":28,"column":14}},{"start":{"line":28,"column":18},"end":{"line":28,"column":26}}],"line":28},"12":{"loc":{"start":{"line":30,"column":4},"end":{"line":30,"column":54}},"type":"if","locations":[{"start":{"line":30,"column":4},"end":{"line":30,"column":54}},{"start":{},"end":{}}],"line":30},"13":{"loc":{"start":{"line":31,"column":4},"end":{"line":31,"column":54}},"type":"if","locations":[{"start":{"line":31,"column":4},"end":{"line":31,"column":54}},{"start":{},"end":{}}],"line":31},"14":{"loc":{"start":{"line":33,"column":2},"end":{"line":33,"column":48}},"type":"if","locations":[{"start":{"line":33,"column":2},"end":{"line":33,"column":48}},{"start":{},"end":{}}],"line":33},"15":{"loc":{"start":{"line":44,"column":17},"end":{"line":44,"column":55}},"type":"binary-expr","locations":[{"start":{"line":44,"column":17},"end":{"line":44,"column":34}},{"start":{"line":44,"column":38},"end":{"line":44,"column":55}}],"line":44},"16":{"loc":{"start":{"line":71,"column":2},"end":{"line":74,"column":3}},"type":"if","locations":[{"start":{"line":71,"column":2},"end":{"line":74,"column":3}},{"start":{},"end":{}}],"line":71},"17":{"loc":{"start":{"line":88,"column":2},"end":{"line":94,"column":3}},"type":"if","locations":[{"start":{"line":88,"column":2},"end":{"line":94,"column":3}},{"start":{"line":90,"column":9},"end":{"line":94,"column":3}}],"line":88},"18":{"loc":{"start":{"line":88,"column":6},"end":{"line":88,"column":39}},"type":"binary-expr","locations":[{"start":{"line":88,"column":6},"end":{"line":88,"column":15}},{"start":{"line":88,"column":19},"end":{"line":88,"column":39}}],"line":88},"19":{"loc":{"start":{"line":90,"column":9},"end":{"line":94,"column":3}},"type":"if","locations":[{"start":{"line":90,"column":9},"end":{"line":94,"column":3}},{"start":{"line":92,"column":9},"end":{"line":94,"column":3}}],"line":90},"20":{"loc":{"start":{"line":90,"column":13},"end":{"line":90,"column":44}},"type":"binary-expr","locations":[{"start":{"line":90,"column":13},"end":{"line":90,"column":19}},{"start":{"line":90,"column":23},"end":{"line":90,"column":44}}],"line":90},"21":{"loc":{"start":{"line":91,"column":38},"end":{"line":91,"column":82}},"type":"cond-expr","locations":[{"start":{"line":91,"column":64},"end":{"line":91,"column":76}},{"start":{"line":91,"column":79},"end":{"line":91,"column":82}}],"line":91},"22":{"loc":{"start":{"line":92,"column":9},"end":{"line":94,"column":3}},"type":"if","locations":[{"start":{"line":92,"column":9},"end":{"line":94,"column":3}},{"start":{},"end":{}}],"line":92},"23":{"loc":{"start":{"line":100,"column":19},"end":{"line":100,"column":68}},"type":"cond-expr","locations":[{"start":{"line":100,"column":35},"end":{"line":100,"column":56}},{"start":{"line":100,"column":59},"end":{"line":100,"column":68}}],"line":100},"24":{"loc":{"start":{"line":103,"column":11},"end":{"line":103,"column":22}},"type":"binary-expr","locations":[{"start":{"line":103,"column":11},"end":{"line":103,"column":16}},{"start":{"line":103,"column":20},"end":{"line":103,"column":22}}],"line":103},"25":{"loc":{"start":{"line":104,"column":11},"end":{"line":104,"column":37}},"type":"cond-expr","locations":[{"start":{"line":104,"column":19},"end":{"line":104,"column":32}},{"start":{"line":104,"column":35},"end":{"line":104,"column":37}}],"line":104},"26":{"loc":{"start":{"line":105,"column":10},"end":{"line":105,"column":92}},"type":"cond-expr","locations":[{"st
[...]
,"E:\\my projects\\react\\full-electronic-store\\electronic-store-backend\\middleware\\adminMiddleware.js": {"path":"E:\\my projects\\react\\full-electronic-store\\electronic-store-backend\\middleware\\adminMiddleware.js","statementMap":{"0":{"start":{"line":1,"column":25},"end":{"line":8,"column":1}},"1":{"start":{"line":2,"column":2},"end":{"line":7,"column":3}},"2":{"start":{"line":3,"column":4},"end":{"line":3,"column":11}},"3":{"start":{"line":5,"column":4},"end":{"line":5,"column":20}},"4":{"start":{"line":6,"column":4},"end":{"line":6,"column":50}},"5":{"start":{"line":10,"column":29},"end":{"line":17,"column":1}},"6":{"start":{"line":11,"column":2},"end":{"line":16,"column":3}},"7":{"start":{"line":12,"column":4},"end":{"line":12,"column":11}},"8":{"start":{"line":14,"column":4},"end":{"line":14,"column":20}},"9":{"start":{"line":15,"column":4},"end":{"line":15,"column":61}}},"fnMap":{"0":{"name":"(anonymous_0)","decl":{"start":{"line":1,"column":25},"end":{"line":1,"column":26}},"loc":{"start":{"line":1,"column":45},"end":{"line":8,"column":1}},"line":1},"1":{"name":"(anonymous_1)","decl":{"start":{"line":10,"column":29},"end":{"line":10,"column":30}},"loc":{"start":{"line":10,"column":49},"end":{"line":17,"column":1}},"line":10}},"branchMap":{"0":{"loc":{"start":{"line":2,"column":2},"end":{"line":7,"column":3}},"type":"if","locations":[{"start":{"line":2,"column":2},"end":{"line":7,"column":3}},{"start":{"line":4,"column":9},"end":{"line":7,"column":3}}],"line":2},"1":{"loc":{"start":{"line":2,"column":6},"end":{"line":2,"column":43}},"type":"binary-expr","locations":[{"start":{"line":2,"column":6},"end":{"line":2,"column":14}},{"start":{"line":2,"column":18},"end":{"line":2,"column":43}}],"line":2},"2":{"loc":{"start":{"line":11,"column":2},"end":{"line":16,"column":3}},"type":"if","locations":[{"start":{"line":11,"column":2},"end":{"line":16,"column":3}},{"start":{"line":13,"column":9},"end":{"line":16,"column":3}}],"line":11},"3":{"loc":{"start":{"line":11,"column":6},"end":{"line":11,"column":75}},"type":"binary-expr","locations":[{"start":{"line":11,"column":6},"end":{"line":11,"column":14}},{"start":{"line":11,"column":19},"end":{"line":11,"column":44}},{"start":{"line":11,"column":48},"end":{"line":11,"column":74}}],"line":11}},"s":{"0":0,"1":0,"2":0,"3":0,"4":0,"5":0,"6":0,"7":0,"8":0,"9":0},"f":{"0":0,"1":0},"b":{"0":[0,0],"1":[0,0],"2":[0,0],"3":[0,0,0]},"inputSourceMap":null}
,"E:\\my projects\\react\\full-electronic-store\\electronic-store-backend\\middleware\\authMiddleware.js": {"path":"E:\\my projects\\react\\full-electronic-store\\electronic-store-backend\\middleware\\authMiddleware.js","statementMap":{"0":{"start":{"line":5,"column":23},"end":{"line":23,"column":2}},"1":{"start":{"line":8,"column":2},"end":{"line":18,"column":3}},"2":{"start":{"line":9,"column":4},"end":{"line":17,"column":5}},"3":{"start":{"line":10,"column":6},"end":{"line":10,"column":54}},"4":{"start":{"line":11,"column":22},"end":{"line":11,"column":63}},"5":{"start":{"line":12,"column":6},"end":{"line":12,"column":69}},"6":{"start":{"line":13,"column":6},"end":{"line":13,"column":13}},"7":{"start":{"line":15,"column":6},"end":{"line":15,"column":22}},"8":{"start":{"line":16,"column":6},"end":{"line":16,"column":54}},"9":{"start":{"line":19,"column":2},"end":{"line":22,"column":3}},"10":{"start":{"line":20,"column":4},"end":{"line":20,"column":20}},"11":{"start":{"line":21,"column":4},"end":{"line":21,"column":48}},"12":{"start":{"line":25,"column":21},"end":{"line":32,"column":1}},"13":{"start":{"line":26,"column":2},"end":{"line":31,"column":3}},"14":{"start":{"line":27,"column":4},"end":{"line":27,"column":11}},"15":{"start":{"line":29,"column":4},"end":{"line":29,"column":20}},"16":{"start":{"line":30,"column":4},"end":{"line":30,"column":50}}},"fnMap":{"0":{"name":"(anonymous_0)","decl":{"start":{"line":5,"column":36},"end":{"line":5,"column":37}},"loc":{"start":{"line":5,"column":62},"end":{"line":23,"column":1}},"line":5},"1":{"name":"(anonymous_1)","decl":{"start":{"line":25,"column":21},"end":{"line":25,"column":22}},"loc":{"start":{"line":25,"column":41},"end":{"line":32,"column":1}},"line":25}},"branchMap":{"0":{"loc":{"start":{"line":8,"column":2},"end":{"line":18,"column":3}},"type":"if","locations":[{"start":{"line":8,"column":2},"end":{"line":18,"column":3}},{"start":{},"end":{}}],"line":8},"1":{"loc":{"start":{"line":19,"column":2},"end":{"line":22,"column":3}},"type":"if","locations":[{"start":{"line":19,"column":2},"end":{"line":22,"column":3}},{"start":{},"end":{}}],"line":19},"2":{"loc":{"start":{"line":26,"column":2},"end":{"line":31,"column":3}},"type":"if","locations":[{"start":{"line":26,"column":2},"end":{"line":31,"column":3}},{"start":{"line":28,"column":9},"end":{"line":31,"column":3}}],"line":26},"3":{"loc":{"start":{"line":26,"column":6},"end":{"line":26,"column":43}},"type":"binary-expr","locations":[{"start":{"line":26,"column":6},"end":{"line":26,"column":14}},{"start":{"line":26,"column":18},"end":{"line":26,"column":43}}],"line":26}},"s":{"0":1,"1":3,"2":2,"3":2,"4":2,"5":1,"6":1,"7":1,"8":1,"9":2,"10":1,"11":1,"12":1,"13":2,"14":1,"15":1,"16":1},"f":{"0":3,"1":2},"b":{"0":[2,1],"1":[1,1],"2":[1,1],"3":[2,2]},"inputSourceMap":null,"_coverageSchema":"1a1c01bbd47fc00a2c39e90264f33305004495a9","hash":"963adb727cc866eb7c07ef121c4c58ddfc116984"}
,"E:\\my projects\\react\\full-electronic-store\\electronic-store-backend\\middleware\\errorMiddleware.js": {"path":"E:\\my projects\\react\\full-electronic-store\\electronic-store-backend\\middleware\\errorMiddleware.js","statementMap":{"0":{"start":{"line":1,"column":24},"end":{"line":5,"column":1}},"1":{"start":{"line":2,"column":16},"end":{"line":2,"column":58}},"2":{"start":{"line":3,"column":2},"end":{"line":3,"column":18}},"3":{"start":{"line":4,"column":2},"end":{"line":4,"column":14}},"4":{"start":{"line":7,"column":28},"end":{"line":29,"column":1}},"5":{"start":{"line":9,"column":2},"end":{"line":9,"column":40}},"6":{"start":{"line":9,"column":23},"end":{"line":9,"column":40}},"7":{"start":{"line":12,"column":17},"end":{"line":12,"column":35}},"8":{"start":{"line":13,"column":2},"end":{"line":16,"column":3}},"9":{"start":{"line":14,"column":4},"end":{"line":14,"column":57}},"10":{"start":{"line":15,"column":4},"end":{"line":15,"column":62}},"11":{"start":{"line":18,"column":21},"end":{"line":20,"column":23}},"12":{"start":{"line":22,"column":17},"end":{"line":22,"column":54}},"13":{"start":{"line":24,"column":2},"end":{"line":28,"column":5}}},"fnMap":{"0":{"name":"(anonymous_0)","decl":{"start":{"line":1,"column":24},"end":{"line":1,"column":25}},"loc":{"start":{"line":1,"column":44},"end":{"line":5,"column":1}},"line":1},"1":{"name":"(anonymous_1)","decl":{"start":{"line":7,"column":28},"end":{"line":7,"column":29}},"loc":{"start":{"line":7,"column":53},"end":{"line":29,"column":1}},"line":7}},"branchMap":{"0":{"loc":{"start":{"line":9,"column":2},"end":{"line":9,"column":40}},"type":"if","locations":[{"start":{"line":9,"column":2},"end":{"line":9,"column":40}},{"start":{},"end":{}}],"line":9},"1":{"loc":{"start":{"line":13,"column":2},"end":{"line":16,"column":3}},"type":"if","locations":[{"start":{"line":13,"column":2},"end":{"line":16,"column":3}},{"start":{},"end":{}}],"line":13},"2":{"loc":{"start":{"line":18,"column":21},"end":{"line":20,"column":23}},"type":"cond-expr","locations":[{"start":{"line":19,"column":6},"end":{"line":19,"column":20}},{"start":{"line":20,"column":6},"end":{"line":20,"column":23}}],"line":18},"3":{"loc":{"start":{"line":18,"column":21},"end":{"line":18,"column":61}},"type":"binary-expr","locations":[{"start":{"line":18,"column":21},"end":{"line":18,"column":35}},{"start":{"line":18,"column":39},"end":{"line":18,"column":61}}],"line":18},"4":{"loc":{"start":{"line":20,"column":6},"end":{"line":20,"column":23}},"type":"binary-expr","locations":[{"start":{"line":20,"column":6},"end":{"line":20,"column":16}},{"start":{"line":20,"column":20},"end":{"line":20,"column":23}}],"line":20},"5":{"loc":{"start":{"line":25,"column":13},"end":{"line":25,"column":51}},"type":"binary-expr","locations":[{"start":{"line":25,"column":13},"end":{"line":25,"column":24}},{"start":{"line":25,"column":28},"end":{"line":25,"column":51}}],"line":25},"6":{"loc":{"start":{"line":27,"column":8},"end":{"line":27,"column":42}},"type":"cond-expr","locations":[{"start":{"line":27,"column":17},"end":{"line":27,"column":19}},{"start":{"line":27,"column":22},"end":{"line":27,"column":42}}],"line":27}},"s":{"0":0,"1":0,"2":0,"3":0,"4":0,"5":0,"6":0,"7":0,"8":0,"9":0,"10":0,"11":0,"12":0,"13":0},"f":{"0":0,"1":0},"b":{"0":[0,0],"1":[0,0],"2":[0,0],"3":[0,0],"4":[0,0],"5":[0,0],"6":[0,0]},"inputSourceMap":null}
,"E:\\my projects\\react\\full-electronic-store\\electronic-store-backend\\models\\Category.js": {"path":"E:\\my projects\\react\\full-electronic-store\\electronic-store-backend\\models\\Category.js","statementMap":{"0":{"start":{"line":2,"column":23},"end":{"line":14,"column":1}},"1":{"start":{"line":16,"column":17},"end":{"line":16,"column":59}}},"fnMap":{},"branchMap":{},"s":{"0":0,"1":0},"f":{},"b":{},"inputSourceMap":null}
,"E:\\my projects\\react\\full-electronic-store\\electronic-store-backend\\models\\Coupon.js": {"path":"E:\\my projects\\react\\full-electronic-store\\electronic-store-backend\\models\\Coupon.js","statementMap":{"0":{"start":{"line":3,"column":21},"end":{"line":17,"column":1}},"1":{"start":{"line":19,"column":0},"end":{"line":25,"column":2}},"2":{"start":{"line":20,"column":2},"end":{"line":20,"column":90}},"3":{"start":{"line":20,"column":22},"end":{"line":20,"column":90}},"4":{"start":{"line":21,"column":2},"end":{"line":21,"column":95}},"5":{"start":{"line":21,"column":35},"end":{"line":21,"column":95}},"6":{"start":{"line":22,"column":2},"end":{"line":22,"column":145}},"7":{"start":{"line":22,"column":69},"end":{"line":22,"column":145}},"8":{"start":{"line":23,"column":2},"end":{"line":23,"column":114}},"9":{"start":{"line":23,"column":34},"end":{"line":23,"column":114}},"10":{"start":{"line":24,"column":2},"end":{"line":24,"column":25}},"11":{"start":{"line":27,"column":0},"end":{"line":36,"column":2}},"12":{"start":{"line":28,"column":17},"end":{"line":28,"column":18}},"13":{"start":{"line":29,"column":2},"end":{"line":34,"column":3}},"14":{"start":{"line":30,"column":4},"end":{"line":30,"column":55}},"15":{"start":{"line":31,"column":4},"end":{"line":31,"column":83}},"16":{"start":{"line":31,"column":35},"end":{"line":31,"column":83}},"17":{"start":{"line":33,"column":4},"end":{"line":33,"column":34}},"18":{"start":{"line":35,"column":2},"end":{"line":35,"column":40}},"19":{"start":{"line":38,"column":15},"end":{"line":38,"column":53}}},"fnMap":{"0":{"name":"(anonymous_0)","decl":{"start":{"line":19,"column":31},"end":{"line":19,"column":32}},"loc":{"start":{"line":19,"column":53},"end":{"line":25,"column":1}},"line":19},"1":{"name":"(anonymous_1)","decl":{"start":{"line":27,"column":41},"end":{"line":27,"column":42}},"loc":{"start":{"line":27,"column":63},"end":{"line":36,"column":1}},"line":27}},"branchMap":{"0":{"loc":{"start":{"line":20,"column":2},"end":{"line":20,"column":90}},"type":"if","locations":[{"start":{"line":20,"column":2},"end":{"line":20,"column":90}},{"start":{},"end":{}}],"line":20},"1":{"loc":{"start":{"line":21,"column":2},"end":{"line":21,"column":95}},"type":"if","locations":[{"start":{"line":21,"column":2},"end":{"line":21,"column":95}},{"start":{},"end":{}}],"line":21},"2":{"loc":{"start":{"line":22,"column":2},"end":{"line":22,"column":145}},"type":"if","locations":[{"start":{"line":22,"column":2},"end":{"line":22,"column":145}},{"start":{},"end":{}}],"line":22},"3":{"loc":{"start":{"line":22,"column":6},"end":{"line":22,"column":67}},"type":"binary-expr","locations":[{"start":{"line":22,"column":6},"end":{"line":22,"column":30}},{"start":{"line":22,"column":34},"end":{"line":22,"column":67}}],"line":22},"4":{"loc":{"start":{"line":23,"column":2},"end":{"line":23,"column":114}},"type":"if","locations":[{"start":{"line":23,"column":2},"end":{"line":23,"column":114}},{"start":{},"end":{}}],"line":23},"5":{"loc":{"start":{"line":29,"column":2},"end":{"line":34,"column":3}},"type":"if","locations":[{"start":{"line":29,"column":2},"end":{"line":34,"column":3}},{"start":{"line":32,"column":9},"end":{"line":34,"column":3}}],"line":29},"6":{"loc":{"start":{"line":31,"column":4},"end":{"line":31,"column":83}},"type":"if","locations":[{"start":{"line":31,"column":4},"end":{"line":31,"column":83}},{"start":{},"end":{}}],"line":31}},"s":{"0":0,"1":0,"2":0,"3":0,"4":0,"5":0,"6":0,"7":0,"8":0,"9":0,"10":0,"11":0,"12":0,"13":0,"14":0,"15":0,"16":0,"17":0,"18":0,"19":0},"f":{"0":0,"1":0},"b":{"0":[0,0],"1":[0,0],"2":[0,0],"3":[0,0],"4":[0,0],"5":[0,0],"6":[0,0]},"inputSourceMap":null}
,"E:\\my projects\\react\\full-electronic-store\\electronic-store-backend\\models\\Feedback.js": {"path":"E:\\my projects\\react\\full-electronic-store\\electronic-store-backend\\models\\Feedback.js","statementMap":{"0":{"start":{"line":3,"column":23},"end":{"line":13,"column":1}},"1":{"start":{"line":15,"column":17},"end":{"line":15,"column":59}}},"fnMap":{},"branchMap":{},"s":{"0":0,"1":0},"f":{},"b":{},"inputSourceMap":null}
,"E:\\my projects\\react\\full-electronic-store\\electronic-store-backend\\models\\Order.js": {"path":"E:\\my projects\\react\\full-electronic-store\\electronic-store-backend\\models\\Order.js","statementMap":{"0":{"start":{"line":3,"column":24},"end":{"line":9,"column":2}},"1":{"start":{"line":11,"column":20},"end":{"line":44,"column":1}},"2":{"start":{"line":46,"column":14},"end":{"line":46,"column":50}}},"fnMap":{},"branchMap":{},"s":{"0":0,"1":0,"2":0},"f":{},"b":{},"inputSourceMap":null}
,"E:\\my projects\\react\\full-electronic-store\\electronic-store-backend\\models\\Product.js": {"path":"E:\\my projects\\react\\full-electronic-store\\electronic-store-backend\\models\\Product.js","statementMap":{"0":{"start":{"line":3,"column":22},"end":{"line":27,"column":1}},"1":{"start":{"line":30,"column":0},"end":{"line":30,"column":73}},"2":{"start":{"line":32,"column":16},"end":{"line":32,"column":56}}},"fnMap":{},"branchMap":{},"s":{"0":1,"1":1,"2":1},"f":{},"b":{},"inputSourceMap":null,"_coverageSchema":"1a1c01bbd47fc00a2c39e90264f33305004495a9","hash":"a106da2c3de35555de108c485f634bd840d8bafe"}
,"E:\\my projects\\react\\full-electronic-store\\electronic-store-backend\\models\\Review.js": {"path":"E:\\my projects\\react\\full-electronic-store\\electronic-store-backend\\models\\Review.js","statementMap":{"0":{"start":{"line":3,"column":21},"end":{"line":13,"column":1}},"1":{"start":{"line":16,"column":0},"end":{"line":16,"column":62}},"2":{"start":{"line":18,"column":15},"end":{"line":18,"column":53}}},"fnMap":{},"branchMap":{},"s":{"0":0,"1":0,"2":0},"f":{},"b":{},"inputSourceMap":null}
,"E:\\my projects\\react\\full-electronic-store\\electronic-store-backend\\models\\User.js": {"path":"E:\\my projects\\react\\full-electronic-store\\electronic-store-backend\\models\\User.js","statementMap":{"0":{"start":{"line":5,"column":19},"end":{"line":55,"column":1}},"1":{"start":{"line":16,"column":10},"end":{"line":16,"column":46}},"2":{"start":{"line":29,"column":12},"end":{"line":29,"column":43}},"3":{"start":{"line":58,"column":0},"end":{"line":63,"column":3}},"4":{"start":{"line":59,"column":2},"end":{"line":59,"column":50}},"5":{"start":{"line":59,"column":36},"end":{"line":59,"column":50}},"6":{"start":{"line":60,"column":15},"end":{"line":60,"column":39}},"7":{"start":{"line":61,"column":2},"end":{"line":61,"column":57}},"8":{"start":{"line":62,"column":2},"end":{"line":62,"column":9}},"9":{"start":{"line":65,"column":0},"end":{"line":67,"column":2}},"10":{"start":{"line":66,"column":2},"end":{"line":66,"column":44}},"11":{"start":{"line":70,"column":0},"end":{"line":75,"column":2}},"12":{"start":{"line":71,"column":14},"end":{"line":71,"column":68}},"13":{"start":{"line":72,"column":2},"end":{"line":72,"column":81}},"14":{"start":{"line":73,"column":2},"end":{"line":73,"column":55}},"15":{"start":{"line":74,"column":2},"end":{"line":74,"column":13}},"16":{"start":{"line":77,"column":0},"end":{"line":82,"column":2}},"17":{"start":{"line":78,"column":14},"end":{"line":78,"column":68}},"18":{"start":{"line":79,"column":2},"end":{"line":79,"column":83}},"19":{"start":{"line":80,"column":2},"end":{"line":80,"column":57}},"20":{"start":{"line":81,"column":2},"end":{"line":81,"column":13}},"21":{"start":{"line":84,"column":13},"end":{"line":84,"column":47}}},"fnMap":{"0":{"name":"(anonymous_0)","decl":{"start":{"line":15,"column":19},"end":{"line":15,"column":20}},"loc":{"start":{"line":15,"column":31},"end":{"line":17,"column":9}},"line":15},"1":{"name":"(anonymous_1)","decl":{"start":{"line":28,"column":21},"end":{"line":28,"column":22}},"loc":{"start":{"line":28,"column":33},"end":{"line":30,"column":11}},"line":28},"2":{"name":"(anonymous_2)","decl":{"start":{"line":58,"column":23},"end":{"line":58,"column":24}},"loc":{"start":{"line":58,"column":45},"end":{"line":63,"column":1}},"line":58},"3":{"name":"(anonymous_3)","decl":{"start":{"line":65,"column":35},"end":{"line":65,"column":36}},"loc":{"start":{"line":65,"column":56},"end":{"line":67,"column":1}},"line":65},"4":{"name":"(anonymous_4)","decl":{"start":{"line":70,"column":33},"end":{"line":70,"column":34}},"loc":{"start":{"line":70,"column":45},"end":{"line":75,"column":1}},"line":70},"5":{"name":"(anonymous_5)","decl":{"start":{"line":77,"column":38},"end":{"line":77,"column":39}},"loc":{"start":{"line":77,"column":50},"end":{"line":82,"column":1}},"line":77}},"branchMap":{"0":{"loc":{"start":{"line":16,"column":17},"end":{"line":16,"column":45}},"type":"binary-expr","locations":[{"start":{"line":16,"column":17},"end":{"line":16,"column":19}},{"start":{"line":16,"column":23},"end":{"line":16,"column":45}}],"line":16},"1":{"loc":{"start":{"line":29,"column":19},"end":{"line":29,"column":42}},"type":"binary-expr","locations":[{"start":{"line":29,"column":19},"end":{"line":29,"column":21}},{"start":{"line":29,"column":25},"end":{"line":29,"column":42}}],"line":29},"2":{"loc":{"start":{"line":59,"column":2},"end":{"line":59,"column":50}},"type":"if","locations":[{"start":{"line":59,"column":2},"end":{"line":59,"column":50}},{"start":{},"end":{}}],"line":59}},"s":{"0":1,"1":0,"2":0,"3":1,"4":0,"5":0,"6":0,"7":0,"8":0,"9":1,"10":0,"11":1,"12":0,"13":0,"14":0,"15":0,"16":1,"17":0,"18":0,"19":0,"20":0,"21":1},"f":{"0":0,"1":0,"2":0,"3":0,"4":0,"5":0},"b":{"0":[0,0],"1":[0,0],"2":[0,0]},"inputSourceMap":null,"_coverageSchema":"1a1c01bbd47fc00a2c39e90264f33305004495a9","hash":"0771ac01160d5eb63a312857250b703593e4301b"}
}
